#
# There is insufficient memory for the Java Runtime Environment to continue.
# Native memory allocation (malloc) failed to allocate 1048576 bytes for AllocateHeap
# Possible reasons:
#   The system is out of physical RAM or swap space
#   The process is running with CompressedOops enabled, and the Java Heap may be blocking the growth of the native heap
# Possible solutions:
#   Reduce memory load on the system
#   Increase physical memory or swap space
#   Check if swap backing store is full
#   Decrease Java heap size (-Xmx/-Xms)
#   Decrease number of Java threads
#   Decrease Java thread stack sizes (-Xss)
#   Set larger code cache with -XX:ReservedCodeCacheSize=
# This output file may be truncated or incomplete.
#
#  Out of Memory Error (./open/src/hotspot/share/memory/allocation.cpp:46), pid=14824, tid=12300
#
# JRE version:  (11.0.11+9) (build )
# Java VM: Java HotSpot(TM) 64-Bit Server VM (11.0.11+9-LTS-194, mixed mode, sharing, tiered, compressed oops, g1 gc, windows-amd64)
# No core dump will be written. Minidumps are not enabled by default on client versions of Windows
#

---------------  S U M M A R Y ------------

Command Line: -Dfile.encoding=UTF-8 gui.GUI_QuanLyHopDong

Host: Intel(R) Core(TM) i5-8259U CPU @ 2.30GHz, 8 cores, 7G,  Windows 10 , 64 bit Build 19041 (10.0.19041.1348)
Time: Thu Nov 18 23:20:24 2021 SE Asia Standard Time elapsed time: 0.013261 seconds (0d 0h 0m 0s)

---------------  T H R E A D  ---------------

Current thread (0x000001ccb963a000):  JavaThread "Unknown thread" [_thread_in_vm, id=12300, stack(0x0000000da3f00000,0x0000000da4000000)]

Stack: [0x0000000da3f00000,0x0000000da4000000]
Native frames: (J=compiled Java code, j=interpreted, Vv=VM code, C=native code)
V  [jvm.dll+0x616f2a]
V  [jvm.dll+0x74de7f]
V  [jvm.dll+0x74f505]
V  [jvm.dll+0x74fb83]
V  [jvm.dll+0x2436d8]
V  [jvm.dll+0xb13b4]
V  [jvm.dll+0x2dc4b2]
V  [jvm.dll+0x2d6729]
V  [jvm.dll+0x7299e7]
V  [jvm.dll+0x72b28f]
V  [jvm.dll+0x34bd39]
V  [jvm.dll+0x70f360]
V  [jvm.dll+0x3b50df]
V  [jvm.dll+0x3b71e1]
C  [jli.dll+0x520b]
C  [ucrtbase.dll+0x21bb2]
C  [KERNEL32.DLL+0x17034]
C  [ntdll.dll+0x52651]


---------------  P R O C E S S  ---------------

Threads class SMR info:
_java_thread_list=0x000001ccb73ff3c0, length=0, elements={
}

Java Threads: ( => current thread )

Other Threads:
  0x000001ccb9650800 GCTaskThread "GC Thread#0" [stack: 0x0000000da4000000,0x0000000da4100000] [id=10476]

[error occurred during error reporting (printing all threads), id 0xc0000005, EXCEPTION_ACCESS_VIOLATION (0xc0000005) at pc=0x00007ff95d141a70]

VM state:not at safepoint (not fully initialized)

VM Mutex/Monitor currently owned by a thread:  ([mutex/lock_event])
[0x000001ccb9636310] Heap_lock - owner thread: 0x000001ccb963a000

Heap address: 0x0000000082600000, size: 2010 MB, Compressed Oops mode: Non-zero based: 0x0000000082600000
Narrow klass base: 0x0000000000000000, Narrow klass shift: 0

GC Heap History (0 events):
No events

Deoptimization events (0 events):
No events

Classes redefined (0 events):
No events

Internal exceptions (0 events):
No events

Events (0 events):
No events


Dynamic libraries:
0x00007ff762a70000 - 0x00007ff762a7f000 	C:\Program Files\Java\jdk-11.0.11\bin\javaw.exe
0x00007ff991f70000 - 0x00007ff992165000 	C:\Windows\SYSTEM32\ntdll.dll
0x00007ff95df50000 - 0x00007ff95df66000 	C:\Program Files\AVG\Antivirus\aswhook.dll
0x00007ff9911c0000 - 0x00007ff99127e000 	C:\Windows\System32\KERNEL32.DLL
0x00007ff98fa30000 - 0x00007ff98fcf8000 	C:\Windows\System32\KERNELBASE.dll
0x00007ff98f690000 - 0x00007ff98f790000 	C:\Windows\System32\ucrtbase.dll
0x00007ff976e20000 - 0x00007ff976e35000 	C:\Program Files\Java\jdk-11.0.11\bin\VCRUNTIME140.dll
0x00007ff98abc0000 - 0x00007ff98abd8000 	C:\Program Files\Java\jdk-11.0.11\bin\jli.dll
0x00007ff991e80000 - 0x00007ff991f2c000 	C:\Windows\System32\ADVAPI32.dll
0x00007ff98ffc0000 - 0x00007ff99005e000 	C:\Windows\System32\msvcrt.dll
0x00007ff990430000 - 0x00007ff9904cb000 	C:\Windows\System32\sechost.dll
0x00007ff990950000 - 0x00007ff990a7a000 	C:\Windows\System32\RPCRT4.dll
0x00007ff990280000 - 0x00007ff990421000 	C:\Windows\System32\USER32.dll
0x00007ff98fe10000 - 0x00007ff98fe32000 	C:\Windows\System32\win32u.dll
0x00007ff97c920000 - 0x00007ff97cbba000 	C:\Windows\WinSxS\amd64_microsoft.windows.common-controls_6595b64144ccf1df_6.0.19041.1110_none_60b5254171f9507e\COMCTL32.dll
0x00007ff991d00000 - 0x00007ff991d2b000 	C:\Windows\System32\GDI32.dll
0x00007ff98fd00000 - 0x00007ff98fe0b000 	C:\Windows\System32\gdi32full.dll
0x00007ff98fed0000 - 0x00007ff98ff6d000 	C:\Windows\System32\msvcp_win.dll
0x00007ff989700000 - 0x00007ff98970a000 	C:\Windows\SYSTEM32\VERSION.dll
0x00007ff990060000 - 0x00007ff990090000 	C:\Windows\System32\IMM32.DLL
0x00007ff971dc0000 - 0x00007ff971e5b000 	C:\Program Files\Java\jdk-11.0.11\bin\msvcp140.dll
0x00007ff95ce60000 - 0x00007ff95d95e000 	C:\Program Files\Java\jdk-11.0.11\bin\server\jvm.dll
0x00007ff991510000 - 0x00007ff991518000 	C:\Windows\System32\PSAPI.DLL
0x00007ff97efc0000 - 0x00007ff97efc9000 	C:\Windows\SYSTEM32\WSOCK32.dll
0x00007ff97e670000 - 0x00007ff97e697000 	C:\Windows\SYSTEM32\WINMM.dll
0x00007ff9916d0000 - 0x00007ff99173b000 	C:\Windows\System32\WS2_32.dll
0x00007ff98d590000 - 0x00007ff98d5a2000 	C:\Windows\SYSTEM32\kernel.appcore.dll
0x00007ff98a1c0000 - 0x00007ff98a1d0000 	C:\Program Files\Java\jdk-11.0.11\bin\verify.dll
0x00007ff98a8b0000 - 0x00007ff98aa94000 	C:\Windows\SYSTEM32\DBGHELP.DLL
0x00007ff987160000 - 0x00007ff98718c000 	C:\Windows\SYSTEM32\dbgcore.DLL
0x00007ff98fe40000 - 0x00007ff98fec3000 	C:\Windows\System32\bcryptPrimitives.dll
0x00007ff976df0000 - 0x00007ff976e18000 	C:\Program Files\Java\jdk-11.0.11\bin\java.dll
0x00007ff989f10000 - 0x00007ff989f1a000 	C:\Program Files\Java\jdk-11.0.11\bin\jimage.dll
0x00007ff976dd0000 - 0x00007ff976de6000 	C:\Program Files\Java\jdk-11.0.11\bin\zip.dll

dbghelp: loaded successfully - version: 4.0.5 - missing functions: none
symbol engine: initialized successfully - sym options: 0x614 - pdb path: .;C:\Program Files\Java\jdk-11.0.11\bin;C:\Windows\SYSTEM32;C:\Program Files\AVG\Antivirus;C:\Windows\WinSxS\amd64_microsoft.windows.common-controls_6595b64144ccf1df_6.0.19041.1110_none_60b5254171f9507e;C:\Program Files\Java\jdk-11.0.11\bin\server

VM Arguments:
jvm_args: -Dfile.encoding=UTF-8 
java_command: gui.GUI_QuanLyHopDong
java_class_path (initial): C:\Users\vanlo\eclipse-workspace\N14_QLLuongSanPham\bin;C:\Users\vanlo\eclipse-workspace\N14_QLLuongSanPham\lib\jcalendar-1.4.jar;C:\Users\vanlo\eclipse-workspace\N14_QLLuongSanPham\lib\rs2xml.jar;C:\Users\vanlo\eclipse-workspace\N14_QLLuongSanPham\lib\sqljdbc4.jar;C:\Users\vanlo\eclipse-workspace\N14_QLLuongSanPham\lib\mysql-connector-java-5.1.44-bin.jar;C:\Users\vanlo\eclipse-workspace\N14_QLLuongSanPham\jgoodies-common-1.8.0.jar;C:\Users\vanlo\eclipse-workspace\N14_QLLuongSanPham\jgoodies-forms-1.8.0.jar;C:\Users\vanlo\eclipse-workspace\N14_QLLuongSanPham\lib\jcommon-1.0.23.jar;C:\Users\vanlo\eclipse-workspace\N14_QLLuongSanPham\lib\jfreechart-1.0.19.jar;C:\Users\vanlo\eclipse-workspace\N14_QLLuongSanPham\lib\jdatepicker-1.3.4.jar
Launcher Type: SUN_STANDARD

[Global flags]
     intx CICompilerCount                          = 4                                         {product} {ergonomic}
     uint ConcGCThreads                            = 2                                         {product} {ergonomic}
     uint G1ConcRefinementThreads                  = 8                                         {product} {ergonomic}
   size_t G1HeapRegionSize                         = 1048576                                   {product} {ergonomic}
    uintx GCDrainStackTargetSize                   = 64                                        {product} {ergonomic}
   size_t InitialHeapSize                          = 132120576                                 {product} {ergonomic}
   size_t MarkStackSize                            = 4194304                                   {product} {ergonomic}
   size_t MaxHeapSize                              = 2107637760                                {product} {ergonomic}
   size_t MinHeapDeltaBytes                        = 1048576                                   {product} {ergonomic}
    uintx NonNMethodCodeHeapSize                   = 5836300                                {pd product} {ergonomic}
    uintx NonProfiledCodeHeapSize                  = 122910970                              {pd product} {ergonomic}
    uintx ProfiledCodeHeapSize                     = 122910970                              {pd product} {ergonomic}
    uintx ReservedCodeCacheSize                    = 251658240                              {pd product} {ergonomic}
     bool SegmentedCodeCache                       = true                                      {product} {ergonomic}
     bool UseCompressedClassPointers               = true                                 {lp64_product} {ergonomic}
     bool UseCompressedOops                        = true                                 {lp64_product} {ergonomic}
     bool UseG1GC                                  = true                                      {product} {ergonomic}
     bool UseLargePagesIndividualAllocation        = false                                  {pd product} {ergonomic}

Logging:
Log output configuration:
 #0: stdout all=warning uptime,level,tags
 #1: stderr all=off uptime,level,tags

Environment Variables:
PATH=C:\Program Files\Common Files\Oracle\Java\javapath;C:\Windows\system32;C:\Windows;C:\Windows\System32\Wbem;C:\Windows\System32\WindowsPowerShell\v1.0\;C:\Windows\System32\OpenSSH\;C:\Program Files\Microsoft SQL Server\Client SDK\ODBC\170\Tools\Binn\;C:\Program Files (x86)\Microsoft SQL Server\150\Tools\Binn\;C:\Program Files\Microsoft SQL Server\150\Tools\Binn\;C:\Program Files\Microsoft SQL Server\150\DTS\Binn\;C:\Program Files (x86)\Microsoft SQL Server\150\DTS\Binn\;C:\Program Files\Azure Data Studio\bin;C:\Users\vanlo\AppData\Local\Microsoft\WindowsApps;C:\Program Files\Azure Data Studio\bin;C:\Program Files\MongoDB\mongosh;C:\Users\vanlo\AppData\Local\Programs\mongosh\;C:\Program Files\MongoDB\Server\5.0\bin;
USERNAME=vanlo
OS=Windows_NT
PROCESSOR_IDENTIFIER=Intel64 Family 6 Model 142 Stepping 10, GenuineIntel



---------------  S Y S T E M  ---------------

OS: Windows 10 , 64 bit Build 19041 (10.0.19041.1348)

CPU:total 8 (initial active 8) (4 cores per cpu, 2 threads per core) family 6 model 142 stepping 10 microcode 0xea, cmov, cx8, fxsr, mmx, sse, sse2, sse3, ssse3, sse4.1, sse4.2, popcnt, avx, avx2, aes, clmul, erms, 3dnowpref, lzcnt, ht, tsc, tscinvbit, bmi1, bmi2, adx, fma

Memory: 4k page, system-wide physical 8038M (840M free)
TotalPageFile size 15749M (AvailPageFile size 5M)
current process WorkingSet (physical memory assigned to process): 9M, peak: 9M
current process commit charge ("private bytes"): 57M, peak: 58M

vm_info: Java HotSpot(TM) 64-Bit Server VM (11.0.11+9-LTS-194) for windows-amd64 JRE (11.0.11+9-LTS-194), built on Mar 18 2021 18:46:53 by "mach5one" with MS VC++ 15.9 (VS2017)

END.
