#
# There is insufficient memory for the Java Runtime Environment to continue.
# Native memory allocation (malloc) failed to allocate 1048576 bytes for AllocateHeap
# Possible reasons:
#   The system is out of physical RAM or swap space
#   The process is running with CompressedOops enabled, and the Java Heap may be blocking the growth of the native heap
# Possible solutions:
#   Reduce memory load on the system
#   Increase physical memory or swap space
#   Check if swap backing store is full
#   Decrease Java heap size (-Xmx/-Xms)
#   Decrease number of Java threads
#   Decrease Java thread stack sizes (-Xss)
#   Set larger code cache with -XX:ReservedCodeCacheSize=
#   JVM is running with Zero Based Compressed Oops mode in which the Java heap is
#     placed in the first 32GB address space. The Java Heap base address is the
#     maximum limit for the native heap growth. Please use -XX:HeapBaseMinAddress
#     to set the Java Heap base and to place the Java Heap above 32GB virtual address.
# This output file may be truncated or incomplete.
#
#  Out of Memory Error (./open/src/hotspot/share/memory/allocation.cpp:44), pid=16812, tid=19692
#
# JRE version:  (15.0+36) (build )
# Java VM: Java HotSpot(TM) 64-Bit Server VM (15+36-1562, mixed mode, sharing, tiered, compressed oops, g1 gc, windows-amd64)
# No core dump will be written. Minidumps are not enabled by default on client versions of Windows
#

---------------  S U M M A R Y ------------

Command Line: -Dfile.encoding=UTF-8 gui.DangNhap_gui

Host: Intel(R) Core(TM) i5-8300H CPU @ 2.30GHz, 8 cores, 15G,  Windows 10 , 64 bit Build 19041 (10.0.19041.1202)
Time: Tue Oct 26 16:53:44 2021 SE Asia Standard Time elapsed time: 0.012829 seconds (0d 0h 0m 0s)

---------------  T H R E A D  ---------------

Current thread (0x000002180596fea0):  JavaThread "Unknown thread" [_thread_in_vm, id=19692, stack(0x000000787b000000,0x000000787b100000)]

Stack: [0x000000787b000000,0x000000787b100000]
Native frames: (J=compiled Java code, j=interpreted, Vv=VM code, C=native code)
V  [jvm.dll+0x629eaa]
V  [jvm.dll+0x780379]
V  [jvm.dll+0x781ad3]
V  [jvm.dll+0x782133]
V  [jvm.dll+0x2159d5]
V  [jvm.dll+0x8ea92]
V  [jvm.dll+0x2b0305]
V  [jvm.dll+0x2a7a5e]
V  [jvm.dll+0x75d0f1]
V  [jvm.dll+0x333af4]
V  [jvm.dll+0x73d816]
V  [jvm.dll+0x3b68e7]
V  [jvm.dll+0x3b8371]
C  [jli.dll+0x52fb]
C  [ucrtbase.dll+0x21bb2]
C  [KERNEL32.DLL+0x17034]
C  [ntdll.dll+0x52651]


---------------  P R O C E S S  ---------------

Threads class SMR info:
_java_thread_list=0x00007ffde12e2fa0, length=0, elements={
}

Java Threads: ( => current thread )

Other Threads:
  0x00000218059c02d0 GCTaskThread "GC Thread#0" [stack: 0x000000787b100000,0x000000787b200000] [id=2776]

[error occurred during error reporting (printing all threads), id 0xc0000005, EXCEPTION_ACCESS_VIOLATION (0xc0000005) at pc=0x00007ffde0ad4d30]

VM state: not at safepoint (not fully initialized)

VM Mutex/Monitor currently owned by a thread:  ([mutex/lock_event])
[0x000002180596b680] Heap_lock - owner thread: 0x000002180596fea0

Heap address: 0x0000000702200000, size: 4062 MB, Compressed Oops mode: Zero based, Oop shift amount: 3
CDS archive(s) mapped at: [0x0000000000000000-0x0000000000000000-0x0000000000000000), size 0, SharedBaseAddress: 0x0000000800000000, ArchiveRelocationMode: 0.
Narrow klass base: 0x0000000000000000, Narrow klass shift: 0, Narrow klass range: 0x0

Heap:
 garbage-first heap   total 0K, used 0K [0x0000000702200000, 0x0000000800000000)
  region size 2048K, 0 young (0K), 0 survivors (0K)
 Metaspace       used 0K, capacity 0K, committed 0K, reserved 0K
  class space    used 0K, capacity 0K, committed 0K, reserved 0K

Heap Regions: E=young(eden), S=young(survivor), O=old, HS=humongous(starts), HC=humongous(continues), CS=collection set, F=free, OA=open archive, CA=closed archive, TAMS=top-at-mark-start (previous, next)

Card table byte_map: [0x000002181d6d0000,0x000002181dec0000] _byte_map_base: 0x0000021819ebf000

GC Heap History (0 events):
No events

Deoptimization events (0 events):
No events

Classes unloaded (0 events):
No events

Classes redefined (0 events):
No events

Internal exceptions (0 events):
No events

Events (1 events):
Event: 0.009 Loaded shared library C:\Program Files\Java\jdk-15\bin\java.dll


Dynamic libraries:
0x00007ff672760000 - 0x00007ff67276f000 	C:\Program Files\Java\jdk-15\bin\javaw.exe
0x00007ffe7d990000 - 0x00007ffe7db85000 	C:\Windows\SYSTEM32\ntdll.dll
0x00007ffe7d6b0000 - 0x00007ffe7d76e000 	C:\Windows\System32\KERNEL32.DLL
0x00007ffe7b4a0000 - 0x00007ffe7b769000 	C:\Windows\System32\KERNELBASE.dll
0x00007ffe7b0b0000 - 0x00007ffe7b1b0000 	C:\Windows\System32\ucrtbase.dll
0x00007ffe741b0000 - 0x00007ffe741c9000 	C:\Program Files\Java\jdk-15\bin\VCRUNTIME140.dll
0x00007ffe738b0000 - 0x00007ffe738c8000 	C:\Program Files\Java\jdk-15\bin\jli.dll
0x00007ffe7d770000 - 0x00007ffe7d81c000 	C:\Windows\System32\ADVAPI32.dll
0x00007ffe7be70000 - 0x00007ffe7bf0e000 	C:\Windows\System32\msvcrt.dll
0x00007ffe7c4b0000 - 0x00007ffe7c54b000 	C:\Windows\System32\sechost.dll
0x00007ffe7d820000 - 0x00007ffe7d94a000 	C:\Windows\System32\RPCRT4.dll
0x00007ffe7c030000 - 0x00007ffe7c1d1000 	C:\Windows\System32\USER32.dll
0x00007ffe65b20000 - 0x00007ffe65dba000 	C:\Windows\WinSxS\amd64_microsoft.windows.common-controls_6595b64144ccf1df_6.0.19041.1110_none_60b5254171f9507e\COMCTL32.dll
0x00007ffe7b880000 - 0x00007ffe7b8a2000 	C:\Windows\System32\win32u.dll
0x00007ffe7cf40000 - 0x00007ffe7cf6b000 	C:\Windows\System32\GDI32.dll
0x00007ffe7b770000 - 0x00007ffe7b87b000 	C:\Windows\System32\gdi32full.dll
0x00007ffe7b8b0000 - 0x00007ffe7b94d000 	C:\Windows\System32\msvcp_win.dll
0x00007ffe74030000 - 0x00007ffe7403a000 	C:\Windows\SYSTEM32\VERSION.dll
0x00007ffe7c3d0000 - 0x00007ffe7c400000 	C:\Windows\System32\IMM32.DLL
0x00007ffe741a0000 - 0x00007ffe741ac000 	C:\Program Files\Java\jdk-15\bin\vcruntime140_1.dll
0x00007ffe6e060000 - 0x00007ffe6e0f1000 	C:\Program Files\Java\jdk-15\bin\msvcp140.dll
0x00007ffde0820000 - 0x00007ffde137c000 	C:\Program Files\Java\jdk-15\bin\server\jvm.dll
0x00007ffe7be60000 - 0x00007ffe7be68000 	C:\Windows\System32\PSAPI.DLL
0x00007ffe67250000 - 0x00007ffe67277000 	C:\Windows\SYSTEM32\WINMM.dll
0x00007ffe5d3c0000 - 0x00007ffe5d3c9000 	C:\Windows\SYSTEM32\WSOCK32.dll
0x00007ffe7c570000 - 0x00007ffe7c5db000 	C:\Windows\System32\WS2_32.dll
0x00007ffe79980000 - 0x00007ffe79992000 	C:\Windows\SYSTEM32\kernel.appcore.dll
0x00007ffe766b0000 - 0x00007ffe766ba000 	C:\Program Files\Java\jdk-15\bin\jimage.dll
0x00007ffe79650000 - 0x00007ffe79834000 	C:\Windows\SYSTEM32\DBGHELP.DLL
0x00007ffe65120000 - 0x00007ffe6514c000 	C:\Windows\SYSTEM32\dbgcore.DLL
0x00007ffe7b950000 - 0x00007ffe7b9d3000 	C:\Windows\System32\bcryptPrimitives.dll
0x00007ffe742c0000 - 0x00007ffe742e5000 	C:\Program Files\Java\jdk-15\bin\java.dll

dbghelp: loaded successfully - version: 4.0.5 - missing functions: none
symbol engine: initialized successfully - sym options: 0x614 - pdb path: .;C:\Program Files\Java\jdk-15\bin;C:\Windows\SYSTEM32;C:\Windows\WinSxS\amd64_microsoft.windows.common-controls_6595b64144ccf1df_6.0.19041.1110_none_60b5254171f9507e;C:\Program Files\Java\jdk-15\bin\server

VM Arguments:
jvm_args: -Dfile.encoding=UTF-8 
java_command: gui.DangNhap_gui
java_class_path (initial): E:\laptrinhhuongsukienjava\N14_Quanlyluongsanpham\bin;E:\laptrinhhuongsukienjava\N14_Quanlyluongsanpham\jgoodies-common-1.8.0.jar;E:\laptrinhhuongsukienjava\N14_Quanlyluongsanpham\jgoodies-forms-1.8.0.jar
Launcher Type: SUN_STANDARD

[Global flags]
     intx CICompilerCount                          = 4                                         {product} {ergonomic}
     uint ConcGCThreads                            = 2                                         {product} {ergonomic}
     uint G1ConcRefinementThreads                  = 8                                         {product} {ergonomic}
   size_t G1HeapRegionSize                         = 2097152                                   {product} {ergonomic}
    uintx GCDrainStackTargetSize                   = 64                                        {product} {ergonomic}
   size_t InitialHeapSize                          = 266338304                                 {product} {ergonomic}
   size_t MarkStackSize                            = 4194304                                   {product} {ergonomic}
   size_t MaxHeapSize                              = 4259315712                                {product} {ergonomic}
   size_t MinHeapDeltaBytes                        = 2097152                                   {product} {ergonomic}
   size_t MinHeapSize                              = 8388608                                   {product} {ergonomic}
    uintx NonNMethodCodeHeapSize                   = 5839372                                {pd product} {ergonomic}
    uintx NonProfiledCodeHeapSize                  = 122909434                              {pd product} {ergonomic}
    uintx ProfiledCodeHeapSize                     = 122909434                              {pd product} {ergonomic}
    uintx ReservedCodeCacheSize                    = 251658240                              {pd product} {ergonomic}
     bool SegmentedCodeCache                       = true                                      {product} {ergonomic}
   size_t SoftMaxHeapSize                          = 4259315712                             {manageable} {ergonomic}
     bool UseCompressedClassPointers               = true                                 {lp64_product} {ergonomic}
     bool UseCompressedOops                        = true                                 {lp64_product} {ergonomic}
     bool UseG1GC                                  = true                                      {product} {ergonomic}
     bool UseLargePagesIndividualAllocation        = false                                  {pd product} {ergonomic}

Logging:
Log output configuration:
 #0: stdout all=warning uptime,level,tags
 #1: stderr all=off uptime,level,tags

Environment Variables:
PATH=C:/Program Files/Java/jdk-15/bin/server;C:/Program Files/Java/jdk-15/bin;C:\Program Files (x86)\Common Files\Intel\Shared Libraries\redist\intel64\compiler;C:\Program Files\Common Files\Oracle\Java\javapath;C:\Windows\system32;C:\Windows;C:\Windows\System32\Wbem;C:\Windows\System32\WindowsPowerShell\v1.0\;C:\Windows\System32\OpenSSH\;C:\Program Files (x86)\NVIDIA Corporation\PhysX\Common;C:\Program Files\NVIDIA Corporation\NVIDIA NvDLISR;C:\Program Files\Microsoft SQL Server\110\Tools\Binn\;C:\Program Files (x86)\Microsoft SQL Server\110\Tools\Binn\;C:\Program Files\Microsoft SQL Server\110\DTS\Binn\;C:\Program Files (x86)\Microsoft SQL Server\110\Tools\Binn\ManagementStudio\;C:\Program Files (x86)\Microsoft SQL Server\110\DTS\Binn\;C:\Users\Asus\Documents\apache-maven-3.8.2\bin;C:\MongoDB\Server\5.0\bin;C:\Users\Asus\AppData\Local\Programs\Python\Python39\Scripts\;C:\Users\Asus\AppData\Local\Programs\Python\Python39\;C:\Users\Asus\AppData\Local\Microsoft\WindowsApps;C:\Users\Asus\AppData\Local\Programs\Microsoft VS Code\bin;C:\MongoDB\Server\5.0\bin;C:\Users\Asus\AppData\Local\Programs\mongosh\;C:\Users\Asus\Desktop;
USERNAME=Asus
OS=Windows_NT
PROCESSOR_IDENTIFIER=Intel64 Family 6 Model 158 Stepping 10, GenuineIntel



---------------  S Y S T E M  ---------------

OS:
 Windows 10 , 64 bit Build 19041 (10.0.19041.1202)
OS uptime: 9 days 8:24 hours

CPU: total 8 (initial active 8) (4 cores per cpu, 2 threads per core) family 6 model 158 stepping 10, cmov, cx8, fxsr, mmx, sse, sse2, sse3, ssse3, sse4.1, sse4.2, popcnt, vzeroupper, avx, avx2, aes, clmul, erms, 3dnowpref, lzcnt, ht, tsc, tscinvbit, bmi1, bmi2, adx, fma, clflush, clflushopt

Memory: 4k page, system-wide physical 16240M (6663M free)
TotalPageFile size 26106M (AvailPageFile size 5M)
current process WorkingSet (physical memory assigned to process): 10M, peak: 10M
current process commit charge ("private bytes"): 59M, peak: 60M

vm_info: Java HotSpot(TM) 64-Bit Server VM (15+36-1562) for windows-amd64 JRE (15+36-1562), built on Aug 11 2020 22:38:02 by "mach5one" with unknown MS VC++:1925

END.
