#
# There is insufficient memory for the Java Runtime Environment to continue.
# Native memory allocation (malloc) failed to allocate 1572336 bytes for Chunk::new
# Possible reasons:
#   The system is out of physical RAM or swap space
#   The process is running with CompressedOops enabled, and the Java Heap may be blocking the growth of the native heap
# Possible solutions:
#   Reduce memory load on the system
#   Increase physical memory or swap space
#   Check if swap backing store is full
#   Decrease Java heap size (-Xmx/-Xms)
#   Decrease number of Java threads
#   Decrease Java thread stack sizes (-Xss)
#   Set larger code cache with -XX:ReservedCodeCacheSize=
#   JVM is running with Unscaled Compressed Oops mode in which the Java heap is
#     placed in the first 4GB address space. The Java Heap base address is the
#     maximum limit for the native heap growth. Please use -XX:HeapBaseMinAddress
#     to set the Java Heap base and to place the Java Heap above 4GB virtual address.
# This output file may be truncated or incomplete.
#
#  Out of Memory Error (./open/src/hotspot/share/memory/arena.cpp:197), pid=10908, tid=9636
#
# JRE version: Java(TM) SE Runtime Environment 18.9 (11.0.11+9) (build 11.0.11+9-LTS-194)
# Java VM: Java HotSpot(TM) 64-Bit Server VM 18.9 (11.0.11+9-LTS-194, mixed mode, tiered, compressed oops, g1 gc, windows-amd64)
# No core dump will be written. Minidumps are not enabled by default on client versions of Windows
#

---------------  S U M M A R Y ------------

Command Line: -Dfile.encoding=UTF-8 gui.GUI_DangNhap

Host: Intel(R) Core(TM) i5-8259U CPU @ 2.30GHz, 8 cores, 7G,  Windows 10 , 64 bit Build 19041 (10.0.19041.1348)
Time: Thu Nov 18 20:11:31 2021 SE Asia Standard Time elapsed time: 181.249217 seconds (0d 0h 3m 1s)

---------------  T H R E A D  ---------------

Current thread (0x0000023470962800):  JavaThread "C2 CompilerThread0" daemon [_thread_in_native, id=9636, stack(0x000000fb49100000,0x000000fb49200000)]


Current CompileTask:
C2: 181249 4472       4       javax.swing.JComponent::reshape (10 bytes)

Stack: [0x000000fb49100000,0x000000fb49200000]
Native frames: (J=compiled Java code, j=interpreted, Vv=VM code, C=native code)
V  [jvm.dll+0x616f2a]
V  [jvm.dll+0x74de7f]
V  [jvm.dll+0x74f505]
V  [jvm.dll+0x74fb83]
V  [jvm.dll+0x2436d8]
V  [jvm.dll+0xba68c]
V  [jvm.dll+0xbad8c]
V  [jvm.dll+0x3462b7]
V  [jvm.dll+0x3140c3]
V  [jvm.dll+0x31340a]
V  [jvm.dll+0x1fd045]
V  [jvm.dll+0x1fc22f]
V  [jvm.dll+0x17f0bc]
V  [jvm.dll+0x20b68c]
V  [jvm.dll+0x20978b]
V  [jvm.dll+0x7152c9]
V  [jvm.dll+0x70dfc4]
V  [jvm.dll+0x6160f6]
C  [ucrtbase.dll+0x21bb2]
C  [KERNEL32.DLL+0x17034]
C  [ntdll.dll+0x52651]


---------------  P R O C E S S  ---------------

Threads class SMR info:
_java_thread_list=0x000002347415d720, length=16, elements={
0x0000023470969000, 0x0000023470972800, 0x00000234712d3000, 0x0000023470961800,
0x0000023470962800, 0x0000023470965800, 0x0000023470986800, 0x000002347143c800,
0x000002347144a800, 0x000002347181d800, 0x000002347180a000, 0x0000023471818000,
0x0000023471806800, 0x0000023451c6a800, 0x000002347350c000, 0x00000234739df800
}

Java Threads: ( => current thread )
  0x0000023470969000 JavaThread "Reference Handler" daemon [_thread_blocked, id=9376, stack(0x000000fb48d00000,0x000000fb48e00000)]
  0x0000023470972800 JavaThread "Finalizer" daemon [_thread_blocked, id=15460, stack(0x000000fb48e00000,0x000000fb48f00000)]
  0x00000234712d3000 JavaThread "Signal Dispatcher" daemon [_thread_blocked, id=11292, stack(0x000000fb48f00000,0x000000fb49000000)]
  0x0000023470961800 JavaThread "Attach Listener" daemon [_thread_blocked, id=16144, stack(0x000000fb49000000,0x000000fb49100000)]
=>0x0000023470962800 JavaThread "C2 CompilerThread0" daemon [_thread_in_native, id=9636, stack(0x000000fb49100000,0x000000fb49200000)]
  0x0000023470965800 JavaThread "C1 CompilerThread0" daemon [_thread_blocked, id=8384, stack(0x000000fb49200000,0x000000fb49300000)]
  0x0000023470986800 JavaThread "Sweeper thread" daemon [_thread_blocked, id=16036, stack(0x000000fb49300000,0x000000fb49400000)]
  0x000002347143c800 JavaThread "Service Thread" daemon [_thread_blocked, id=15160, stack(0x000000fb49400000,0x000000fb49500000)]
  0x000002347144a800 JavaThread "Common-Cleaner" daemon [_thread_blocked, id=10080, stack(0x000000fb49600000,0x000000fb49700000)]
  0x000002347181d800 JavaThread "Java2D Disposer" daemon [_thread_blocked, id=11988, stack(0x000000fb49700000,0x000000fb49800000)]
  0x000002347180a000 JavaThread "AWT-Shutdown" [_thread_blocked, id=11188, stack(0x000000fb49800000,0x000000fb49900000)]
  0x0000023471818000 JavaThread "AWT-Windows" daemon [_thread_in_native, id=8512, stack(0x000000fb49900000,0x000000fb49a00000)]
  0x0000023471806800 JavaThread "AWT-EventQueue-0" [_thread_blocked, id=7556, stack(0x000000fb49a00000,0x000000fb49b00000)]
  0x0000023451c6a800 JavaThread "DestroyJavaVM" [_thread_blocked, id=340, stack(0x000000fb48600000,0x000000fb48700000)]
  0x000002347350c000 JavaThread "Abandoned connection cleanup thread" daemon [_thread_blocked, id=15716, stack(0x000000fb49c00000,0x000000fb49d00000)]
  0x00000234739df800 JavaThread "TimerQueue" daemon [_thread_blocked, id=11104, stack(0x000000fb4a900000,0x000000fb4aa00000)]

Other Threads:
  0x0000023470955800 VMThread "VM Thread" [stack: 0x000000fb48c00000,0x000000fb48d00000] [id=14556]
  0x0000023471441000 WatcherThread [stack: 0x000000fb49500000,0x000000fb49600000] [id=10932]
  0x0000023451c81000 GCTaskThread "GC Thread#0" [stack: 0x000000fb48700000,0x000000fb48800000] [id=14208]
  0x00000234733df000 GCTaskThread "GC Thread#1" [stack: 0x000000fb4a000000,0x000000fb4a100000] [id=9088]
  0x00000234733dc000 GCTaskThread "GC Thread#2" [stack: 0x000000fb4a100000,0x000000fb4a200000] [id=1224]
  0x00000234733dc800 GCTaskThread "GC Thread#3" [stack: 0x000000fb4a200000,0x000000fb4a300000] [id=13524]
  0x00000234733dd800 GCTaskThread "GC Thread#4" [stack: 0x000000fb4a300000,0x000000fb4a400000] [id=3192]
  0x00000234733de000 GCTaskThread "GC Thread#5" [stack: 0x000000fb4a400000,0x000000fb4a500000] [id=7380]
  0x0000023451cb2800 ConcurrentGCThread "G1 Main Marker" [stack: 0x000000fb48800000,0x000000fb48900000] [id=11132]
  0x0000023451cb4000 ConcurrentGCThread "G1 Conc#0" [stack: 0x000000fb48900000,0x000000fb48a00000] [id=5496]
  0x0000023473455000 ConcurrentGCThread "G1 Conc#1" [stack: 0x000000fb4a500000,0x000000fb4a600000] [id=7392]
  0x00000234707a0800 ConcurrentGCThread "G1 Refine#0" [stack: 0x000000fb48a00000,0x000000fb48b00000] [id=5736]
  0x00000234707a1000 ConcurrentGCThread "G1 Young RemSet Sampling" [stack: 0x000000fb48b00000,0x000000fb48c00000] [id=10432]

Threads with active compile tasks:
C2 CompilerThread0 181309 4472       4       javax.swing.JComponent::reshape (10 bytes)

VM state:not at safepoint (normal execution)

VM Mutex/Monitor currently owned by a thread: None

Heap address: 0x0000000082600000, size: 2010 MB, Compressed Oops mode: 32-bit
Narrow klass base: 0x0000000000000000, Narrow klass shift: 3
Compressed class space size: 1073741824 Address: 0x0000000100000000

Heap:
 garbage-first heap   total 129024K, used 34575K [0x0000000082600000, 0x0000000100000000)
  region size 1024K, 2 young (2048K), 1 survivors (1024K)
 Metaspace       used 33158K, capacity 33730K, committed 33792K, reserved 1079296K
  class space    used 3508K, capacity 3782K, committed 3840K, reserved 1048576K
Heap Regions: E=young(eden), S=young(survivor), O=old, HS=humongous(starts), HC=humongous(continues), CS=collection set, F=free, A=archive, TAMS=top-at-mark-start (previous, next)
|   0|0x0000000082600000, 0x0000000082700000, 0x0000000082700000|100%| O|  |TAMS 0x0000000082700000, 0x0000000082600000| Untracked 
|   1|0x0000000082700000, 0x0000000082800000, 0x0000000082800000|100%| O|  |TAMS 0x0000000082800000, 0x0000000082700000| Untracked 
|   2|0x0000000082800000, 0x0000000082853400, 0x0000000082900000| 32%| O|  |TAMS 0x0000000082853400, 0x0000000082800000| Untracked 
|   3|0x0000000082900000, 0x0000000082900000, 0x0000000082a00000|  0%| F|  |TAMS 0x0000000082900000, 0x0000000082900000| Untracked 
|   4|0x0000000082a00000, 0x0000000082a00000, 0x0000000082b00000|  0%| F|  |TAMS 0x0000000082a00000, 0x0000000082a00000| Untracked 
|   5|0x0000000082b00000, 0x0000000082b00000, 0x0000000082c00000|  0%| F|  |TAMS 0x0000000082b00000, 0x0000000082b00000| Untracked 
|   6|0x0000000082c00000, 0x0000000082d00000, 0x0000000082d00000|100%|HS|  |TAMS 0x0000000082d00000, 0x0000000082c00000| Complete 
|   7|0x0000000082d00000, 0x0000000082e00000, 0x0000000082e00000|100%|HC|  |TAMS 0x0000000082e00000, 0x0000000082d00000| Complete 
|   8|0x0000000082e00000, 0x0000000082f00000, 0x0000000082f00000|100%|HC|  |TAMS 0x0000000082f00000, 0x0000000082e00000| Complete 
|   9|0x0000000082f00000, 0x0000000083000000, 0x0000000083000000|100%|HC|  |TAMS 0x0000000083000000, 0x0000000082f00000| Complete 
|  10|0x0000000083000000, 0x0000000083100000, 0x0000000083100000|100%|HC|  |TAMS 0x0000000083100000, 0x0000000083000000| Complete 
|  11|0x0000000083100000, 0x0000000083200000, 0x0000000083200000|100%|HS|  |TAMS 0x0000000083100000, 0x0000000083100000| Complete 
|  12|0x0000000083200000, 0x0000000083300000, 0x0000000083300000|100%|HC|  |TAMS 0x0000000083200000, 0x0000000083200000| Complete 
|  13|0x0000000083300000, 0x0000000083400000, 0x0000000083400000|100%|HC|  |TAMS 0x0000000083300000, 0x0000000083300000| Complete 
|  14|0x0000000083400000, 0x0000000083500000, 0x0000000083500000|100%|HC|  |TAMS 0x0000000083400000, 0x0000000083400000| Complete 
|  15|0x0000000083500000, 0x0000000083500000, 0x0000000083600000|  0%| F|  |TAMS 0x0000000083500000, 0x0000000083500000| Untracked 
|  16|0x0000000083600000, 0x0000000083600000, 0x0000000083700000|  0%| F|  |TAMS 0x0000000083600000, 0x0000000083600000| Untracked 
|  17|0x0000000083700000, 0x0000000083700000, 0x0000000083800000|  0%| F|  |TAMS 0x0000000083700000, 0x0000000083700000| Untracked 
|  18|0x0000000083800000, 0x0000000083800000, 0x0000000083900000|  0%| F|  |TAMS 0x0000000083800000, 0x0000000083800000| Untracked 
|  19|0x0000000083900000, 0x0000000083900000, 0x0000000083a00000|  0%| F|  |TAMS 0x0000000083900000, 0x0000000083900000| Untracked 
|  20|0x0000000083a00000, 0x0000000083a00000, 0x0000000083b00000|  0%| F|  |TAMS 0x0000000083a00000, 0x0000000083a00000| Untracked 
|  21|0x0000000083b00000, 0x0000000083b00000, 0x0000000083c00000|  0%| F|  |TAMS 0x0000000083b00000, 0x0000000083b00000| Untracked 
|  22|0x0000000083c00000, 0x0000000083c00000, 0x0000000083d00000|  0%| F|  |TAMS 0x0000000083c00000, 0x0000000083c00000| Untracked 
|  23|0x0000000083d00000, 0x0000000083d00000, 0x0000000083e00000|  0%| F|  |TAMS 0x0000000083d00000, 0x0000000083d00000| Untracked 
|  24|0x0000000083e00000, 0x0000000083e00000, 0x0000000083f00000|  0%| F|  |TAMS 0x0000000083e00000, 0x0000000083e00000| Untracked 
|  25|0x0000000083f00000, 0x0000000083f00000, 0x0000000084000000|  0%| F|  |TAMS 0x0000000083f00000, 0x0000000083f00000| Untracked 
|  26|0x0000000084000000, 0x0000000084000000, 0x0000000084100000|  0%| F|  |TAMS 0x0000000084000000, 0x0000000084000000| Untracked 
|  27|0x0000000084100000, 0x0000000084100000, 0x0000000084200000|  0%| F|  |TAMS 0x0000000084100000, 0x0000000084100000| Untracked 
|  28|0x0000000084200000, 0x0000000084200000, 0x0000000084300000|  0%| F|  |TAMS 0x0000000084200000, 0x0000000084200000| Untracked 
|  29|0x0000000084300000, 0x0000000084300000, 0x0000000084400000|  0%| F|  |TAMS 0x0000000084300000, 0x0000000084300000| Untracked 
|  30|0x0000000084400000, 0x0000000084400000, 0x0000000084500000|  0%| F|  |TAMS 0x0000000084400000, 0x0000000084400000| Untracked 
|  31|0x0000000084500000, 0x0000000084500000, 0x0000000084600000|  0%| F|  |TAMS 0x0000000084500000, 0x0000000084500000| Untracked 
|  32|0x0000000084600000, 0x0000000084600000, 0x0000000084700000|  0%| F|  |TAMS 0x0000000084600000, 0x0000000084600000| Untracked 
|  33|0x0000000084700000, 0x0000000084700000, 0x0000000084800000|  0%| F|  |TAMS 0x0000000084700000, 0x0000000084700000| Untracked 
|  34|0x0000000084800000, 0x0000000084800000, 0x0000000084900000|  0%| F|  |TAMS 0x0000000084800000, 0x0000000084800000| Untracked 
|  35|0x0000000084900000, 0x0000000084900000, 0x0000000084a00000|  0%| F|  |TAMS 0x0000000084900000, 0x0000000084900000| Untracked 
|  36|0x0000000084a00000, 0x0000000084a00000, 0x0000000084b00000|  0%| F|  |TAMS 0x0000000084a00000, 0x0000000084a00000| Untracked 
|  37|0x0000000084b00000, 0x0000000084b00000, 0x0000000084c00000|  0%| F|  |TAMS 0x0000000084b00000, 0x0000000084b00000| Untracked 
|  38|0x0000000084c00000, 0x0000000084c00000, 0x0000000084d00000|  0%| F|  |TAMS 0x0000000084c00000, 0x0000000084c00000| Untracked 
|  39|0x0000000084d00000, 0x0000000084d00000, 0x0000000084e00000|  0%| F|  |TAMS 0x0000000084d00000, 0x0000000084d00000| Untracked 
|  40|0x0000000084e00000, 0x0000000084e00000, 0x0000000084f00000|  0%| F|  |TAMS 0x0000000084e00000, 0x0000000084e00000| Untracked 
|  41|0x0000000084f00000, 0x0000000084f00000, 0x0000000085000000|  0%| F|  |TAMS 0x0000000084f00000, 0x0000000084f00000| Untracked 
|  42|0x0000000085000000, 0x0000000085000000, 0x0000000085100000|  0%| F|  |TAMS 0x0000000085000000, 0x0000000085000000| Untracked 
|  43|0x0000000085100000, 0x0000000085100000, 0x0000000085200000|  0%| F|  |TAMS 0x0000000085100000, 0x0000000085100000| Untracked 
|  44|0x0000000085200000, 0x0000000085200000, 0x0000000085300000|  0%| F|  |TAMS 0x0000000085200000, 0x0000000085200000| Untracked 
|  45|0x0000000085300000, 0x0000000085300000, 0x0000000085400000|  0%| F|  |TAMS 0x0000000085300000, 0x0000000085300000| Untracked 
|  46|0x0000000085400000, 0x0000000085400000, 0x0000000085500000|  0%| F|  |TAMS 0x0000000085400000, 0x0000000085400000| Untracked 
|  47|0x0000000085500000, 0x0000000085600000, 0x0000000085600000|100%|HS|  |TAMS 0x0000000085600000, 0x0000000085500000| Complete 
|  48|0x0000000085600000, 0x0000000085700000, 0x0000000085700000|100%|HC|  |TAMS 0x0000000085700000, 0x0000000085600000| Complete 
|  49|0x0000000085700000, 0x0000000085800000, 0x0000000085800000|100%|HC|  |TAMS 0x0000000085800000, 0x0000000085700000| Complete 
|  50|0x0000000085800000, 0x0000000085900000, 0x0000000085900000|100%|HC|  |TAMS 0x0000000085900000, 0x0000000085800000| Complete 
|  51|0x0000000085900000, 0x0000000085900000, 0x0000000085a00000|  0%| F|  |TAMS 0x0000000085900000, 0x0000000085900000| Untracked 
|  52|0x0000000085a00000, 0x0000000085a00000, 0x0000000085b00000|  0%| F|  |TAMS 0x0000000085a00000, 0x0000000085a00000| Untracked 
|  53|0x0000000085b00000, 0x0000000085b00000, 0x0000000085c00000|  0%| F|  |TAMS 0x0000000085b00000, 0x0000000085b00000| Untracked 
|  54|0x0000000085c00000, 0x0000000085c00000, 0x0000000085d00000|  0%| F|  |TAMS 0x0000000085c00000, 0x0000000085c00000| Untracked 
|  55|0x0000000085d00000, 0x0000000085d00000, 0x0000000085e00000|  0%| F|  |TAMS 0x0000000085d00000, 0x0000000085d00000| Untracked 
|  56|0x0000000085e00000, 0x0000000085e00000, 0x0000000085f00000|  0%| F|  |TAMS 0x0000000085e00000, 0x0000000085e00000| Untracked 
|  57|0x0000000085f00000, 0x0000000085f00000, 0x0000000086000000|  0%| F|  |TAMS 0x0000000085f00000, 0x0000000085f00000| Untracked 
|  58|0x0000000086000000, 0x0000000086000000, 0x0000000086100000|  0%| F|  |TAMS 0x0000000086000000, 0x0000000086000000| Untracked 
|  59|0x0000000086100000, 0x0000000086100000, 0x0000000086200000|  0%| F|  |TAMS 0x0000000086100000, 0x0000000086100000| Untracked 
|  60|0x0000000086200000, 0x0000000086200000, 0x0000000086300000|  0%| F|  |TAMS 0x0000000086200000, 0x0000000086200000| Untracked 
|  61|0x0000000086300000, 0x0000000086300000, 0x0000000086400000|  0%| F|  |TAMS 0x0000000086300000, 0x0000000086300000| Untracked 
|  62|0x0000000086400000, 0x0000000086400000, 0x0000000086500000|  0%| F|  |TAMS 0x0000000086400000, 0x0000000086400000| Untracked 
|  63|0x0000000086500000, 0x0000000086500000, 0x0000000086600000|  0%| F|  |TAMS 0x0000000086500000, 0x0000000086500000| Untracked 
|  64|0x0000000086600000, 0x0000000086600000, 0x0000000086700000|  0%| F|  |TAMS 0x0000000086600000, 0x0000000086600000| Untracked 
|  65|0x0000000086700000, 0x0000000086700000, 0x0000000086800000|  0%| F|  |TAMS 0x0000000086700000, 0x0000000086700000| Untracked 
|  66|0x0000000086800000, 0x0000000086900000, 0x0000000086900000|100%| O|  |TAMS 0x0000000086900000, 0x0000000086800000| Untracked 
|  67|0x0000000086900000, 0x0000000086a00000, 0x0000000086a00000|100%| O|  |TAMS 0x0000000086a00000, 0x0000000086900000| Untracked 
|  68|0x0000000086a00000, 0x0000000086b00000, 0x0000000086b00000|100%| O|  |TAMS 0x0000000086b00000, 0x0000000086a00000| Untracked 
|  69|0x0000000086b00000, 0x0000000086c00000, 0x0000000086c00000|100%| O|  |TAMS 0x0000000086c00000, 0x0000000086b00000| Untracked 
|  70|0x0000000086c00000, 0x0000000086d00000, 0x0000000086d00000|100%| O|  |TAMS 0x0000000086d00000, 0x0000000086c00000| Untracked 
|  71|0x0000000086d00000, 0x0000000086e00000, 0x0000000086e00000|100%| O|  |TAMS 0x0000000086e00000, 0x0000000086d00000| Untracked 
|  72|0x0000000086e00000, 0x0000000086f00000, 0x0000000086f00000|100%| O|  |TAMS 0x0000000086f00000, 0x0000000086e00000| Untracked 
|  73|0x0000000086f00000, 0x0000000087000000, 0x0000000087000000|100%| O|  |TAMS 0x0000000087000000, 0x0000000086f00000| Untracked 
|  74|0x0000000087000000, 0x0000000087000000, 0x0000000087100000|  0%| F|  |TAMS 0x0000000087000000, 0x0000000087000000| Untracked 
|  75|0x0000000087100000, 0x0000000087100000, 0x0000000087200000|  0%| F|  |TAMS 0x0000000087100000, 0x0000000087100000| Untracked 
|  76|0x0000000087200000, 0x0000000087200000, 0x0000000087300000|  0%| F|  |TAMS 0x0000000087200000, 0x0000000087200000| Untracked 
|  77|0x0000000087300000, 0x0000000087300000, 0x0000000087400000|  0%| F|  |TAMS 0x0000000087300000, 0x0000000087300000| Untracked 
|  78|0x0000000087400000, 0x0000000087400000, 0x0000000087500000|  0%| F|  |TAMS 0x0000000087400000, 0x0000000087400000| Untracked 
|  79|0x0000000087500000, 0x0000000087500000, 0x0000000087600000|  0%| F|  |TAMS 0x0000000087500000, 0x0000000087500000| Untracked 
|  80|0x0000000087600000, 0x0000000087700000, 0x0000000087700000|100%|HS|  |TAMS 0x0000000087700000, 0x0000000087600000| Complete 
|  81|0x0000000087700000, 0x0000000087800000, 0x0000000087800000|100%|HC|  |TAMS 0x0000000087800000, 0x0000000087700000| Complete 
|  82|0x0000000087800000, 0x0000000087900000, 0x0000000087900000|100%|HC|  |TAMS 0x0000000087900000, 0x0000000087800000| Complete 
|  83|0x0000000087900000, 0x0000000087a00000, 0x0000000087a00000|100%|HC|  |TAMS 0x0000000087a00000, 0x0000000087900000| Complete 
|  84|0x0000000087a00000, 0x0000000087b00000, 0x0000000087b00000|100%|HC|  |TAMS 0x0000000087b00000, 0x0000000087a00000| Complete 
|  85|0x0000000087b00000, 0x0000000087c00000, 0x0000000087c00000|100%|HC|  |TAMS 0x0000000087c00000, 0x0000000087b00000| Complete 
|  86|0x0000000087c00000, 0x0000000087c00000, 0x0000000087d00000|  0%| F|  |TAMS 0x0000000087c00000, 0x0000000087c00000| Untracked 
|  87|0x0000000087d00000, 0x0000000087d00000, 0x0000000087e00000|  0%| F|  |TAMS 0x0000000087d00000, 0x0000000087d00000| Untracked 
|  88|0x0000000087e00000, 0x0000000087e00000, 0x0000000087f00000|  0%| F|  |TAMS 0x0000000087e00000, 0x0000000087e00000| Untracked 
|  89|0x0000000087f00000, 0x0000000087f00000, 0x0000000088000000|  0%| F|  |TAMS 0x0000000087f00000, 0x0000000087f00000| Untracked 
|  90|0x0000000088000000, 0x0000000088000000, 0x0000000088100000|  0%| F|  |TAMS 0x0000000088000000, 0x0000000088000000| Untracked 
|  91|0x0000000088100000, 0x0000000088100000, 0x0000000088200000|  0%| F|  |TAMS 0x0000000088100000, 0x0000000088100000| Untracked 
|  92|0x0000000088200000, 0x0000000088300000, 0x0000000088300000|100%|HS|  |TAMS 0x0000000088300000, 0x0000000088200000| Complete 
|  93|0x0000000088300000, 0x0000000088400000, 0x0000000088400000|100%|HC|  |TAMS 0x0000000088400000, 0x0000000088300000| Complete 
|  94|0x0000000088400000, 0x0000000088500000, 0x0000000088500000|100%|HC|  |TAMS 0x0000000088500000, 0x0000000088400000| Complete 
|  95|0x0000000088500000, 0x0000000088600000, 0x0000000088600000|100%|HC|  |TAMS 0x0000000088600000, 0x0000000088500000| Complete 
|  96|0x0000000088600000, 0x0000000088600000, 0x0000000088700000|  0%| F|  |TAMS 0x0000000088600000, 0x0000000088600000| Untracked 
|  97|0x0000000088700000, 0x0000000088700000, 0x0000000088800000|  0%| F|  |TAMS 0x0000000088700000, 0x0000000088700000| Untracked 
|  98|0x0000000088800000, 0x0000000088800000, 0x0000000088900000|  0%| F|  |TAMS 0x0000000088800000, 0x0000000088800000| Untracked 
|  99|0x0000000088900000, 0x0000000088900000, 0x0000000088a00000|  0%| F|  |TAMS 0x0000000088900000, 0x0000000088900000| Untracked 
| 100|0x0000000088a00000, 0x0000000088a00000, 0x0000000088b00000|  0%| F|  |TAMS 0x0000000088a00000, 0x0000000088a00000| Untracked 
| 101|0x0000000088b00000, 0x0000000088b00000, 0x0000000088c00000|  0%| F|  |TAMS 0x0000000088b00000, 0x0000000088b00000| Untracked 
| 102|0x0000000088c00000, 0x0000000088c00000, 0x0000000088d00000|  0%| F|  |TAMS 0x0000000088c00000, 0x0000000088c00000| Untracked 
| 103|0x0000000088d00000, 0x0000000088d00000, 0x0000000088e00000|  0%| F|  |TAMS 0x0000000088d00000, 0x0000000088d00000| Untracked 
| 104|0x0000000088e00000, 0x0000000088e00000, 0x0000000088f00000|  0%| F|  |TAMS 0x0000000088e00000, 0x0000000088e00000| Untracked 
| 105|0x0000000088f00000, 0x0000000088f00000, 0x0000000089000000|  0%| F|  |TAMS 0x0000000088f00000, 0x0000000088f00000| Untracked 
| 106|0x0000000089000000, 0x0000000089000000, 0x0000000089100000|  0%| F|  |TAMS 0x0000000089000000, 0x0000000089000000| Untracked 
| 107|0x0000000089100000, 0x0000000089100000, 0x0000000089200000|  0%| F|  |TAMS 0x0000000089100000, 0x0000000089100000| Untracked 
| 108|0x0000000089200000, 0x0000000089200000, 0x0000000089300000|  0%| F|  |TAMS 0x0000000089200000, 0x0000000089200000| Untracked 
| 109|0x0000000089300000, 0x0000000089300000, 0x0000000089400000|  0%| F|  |TAMS 0x0000000089300000, 0x0000000089300000| Untracked 
| 110|0x0000000089400000, 0x0000000089400000, 0x0000000089500000|  0%| F|  |TAMS 0x0000000089400000, 0x0000000089400000| Untracked 
| 111|0x0000000089500000, 0x0000000089500000, 0x0000000089600000|  0%| F|  |TAMS 0x0000000089500000, 0x0000000089500000| Untracked 
| 112|0x0000000089600000, 0x0000000089600000, 0x0000000089700000|  0%| F|  |TAMS 0x0000000089600000, 0x0000000089600000| Untracked 
| 113|0x0000000089700000, 0x0000000089700000, 0x0000000089800000|  0%| F|  |TAMS 0x0000000089700000, 0x0000000089700000| Untracked 
| 114|0x0000000089800000, 0x0000000089800000, 0x0000000089900000|  0%| F|  |TAMS 0x0000000089800000, 0x0000000089800000| Untracked 
| 115|0x0000000089900000, 0x0000000089900000, 0x0000000089a00000|  0%| F|  |TAMS 0x0000000089900000, 0x0000000089900000| Untracked 
| 116|0x0000000089a00000, 0x0000000089a00000, 0x0000000089b00000|  0%| F|  |TAMS 0x0000000089a00000, 0x0000000089a00000| Untracked 
| 117|0x0000000089b00000, 0x0000000089b00000, 0x0000000089c00000|  0%| F|  |TAMS 0x0000000089b00000, 0x0000000089b00000| Untracked 
| 118|0x0000000089c00000, 0x0000000089c00000, 0x0000000089d00000|  0%| F|  |TAMS 0x0000000089c00000, 0x0000000089c00000| Untracked 
| 119|0x0000000089d00000, 0x0000000089d00000, 0x0000000089e00000|  0%| F|  |TAMS 0x0000000089d00000, 0x0000000089d00000| Untracked 
| 120|0x0000000089e00000, 0x0000000089e00000, 0x0000000089f00000|  0%| F|  |TAMS 0x0000000089e00000, 0x0000000089e00000| Untracked 
| 121|0x0000000089f00000, 0x0000000089f00000, 0x000000008a000000|  0%| F|  |TAMS 0x0000000089f00000, 0x0000000089f00000| Untracked 
| 122|0x000000008a000000, 0x000000008a000000, 0x000000008a100000|  0%| F|  |TAMS 0x000000008a000000, 0x000000008a000000| Untracked 
| 123|0x000000008a100000, 0x000000008a100000, 0x000000008a200000|  0%| F|  |TAMS 0x000000008a100000, 0x000000008a100000| Untracked 
| 124|0x000000008a200000, 0x000000008a270970, 0x000000008a300000| 43%| S|CS|TAMS 0x000000008a200000, 0x000000008a200000| Complete 
| 125|0x000000008a300000, 0x000000008a3c43c0, 0x000000008a400000| 76%| E|  |TAMS 0x000000008a300000, 0x000000008a300000| Complete 

Card table byte_map: [0x0000023469850000,0x0000023469c40000] _byte_map_base: 0x000002346943d000

Marking Bits (Prev, Next): (CMBitMap*) 0x0000023451caa088, (CMBitMap*) 0x0000023451caa0c0
 Prev Bits: [0x000002346a030000, 0x000002346bf98000)
 Next Bits: [0x000002346bfa0000, 0x000002346df08000)

Polling page: 0x000002344fbf0000

Metaspace:

Usage:
  Non-class:     29.25 MB capacity,    28.95 MB (>99%) used,   226.25 KB ( <1%) free+waste,    72.13 KB ( <1%) overhead. 
      Class:      3.69 MB capacity,     3.43 MB ( 93%) used,   239.15 KB (  6%) free+waste,    33.88 KB ( <1%) overhead. 
       Both:     32.94 MB capacity,    32.38 MB ( 98%) used,   465.40 KB (  1%) free+waste,   106.00 KB ( <1%) overhead. 

Virtual space:
  Non-class space:       30.00 MB reserved,      29.25 MB ( 98%) committed 
      Class space:        1.00 GB reserved,       3.75 MB ( <1%) committed 
             Both:        1.03 GB reserved,      33.00 MB (  3%) committed 

Chunk freelists:
   Non-Class:  512 bytes
       Class:  3.25 KB
        Both:  3.75 KB

CodeHeap 'non-profiled nmethods': size=120000Kb used=2024Kb max_used=2024Kb free=117975Kb
 bounds [0x0000023461bf0000, 0x0000023461e60000, 0x0000023469120000]
CodeHeap 'profiled nmethods': size=120000Kb used=9491Kb max_used=9491Kb free=110508Kb
 bounds [0x000002345a6c0000, 0x000002345b010000, 0x0000023461bf0000]
CodeHeap 'non-nmethods': size=5760Kb used=1347Kb max_used=1395Kb free=4412Kb
 bounds [0x000002345a120000, 0x000002345a390000, 0x000002345a6c0000]
 total_blobs=5269 nmethods=4487 adapters=691
 compilation: enabled
              stopped_count=0, restarted_count=0
 full_count=0

Compilation events (10 events):
Event: 181.188 Thread 0x0000023470965800 4488       3       java.lang.StringUTF16::compress (59 bytes)
Event: 181.189 Thread 0x0000023470965800 nmethod 4488 0x000002345b002690 code [0x000002345b002860, 0x000002345b002ba8]
Event: 181.191 Thread 0x0000023470965800 4489       3       org.jdatepicker.impl.JDatePickerImpl$InternalEventHandler::ancestorResized (8 bytes)
Event: 181.191 Thread 0x0000023470965800 nmethod 4489 0x000002345b002d90 code [0x000002345b002f60, 0x000002345b003268]
Event: 181.191 Thread 0x0000023470965800 4490       3       java.awt.Container::createChildHierarchyEvents (76 bytes)
Event: 181.191 Thread 0x0000023470965800 nmethod 4490 0x000002345b003390 code [0x000002345b0035c0, 0x000002345b003d98]
Event: 181.191 Thread 0x0000023470965800 4491       3       java.awt.Component::processComponentEvent (82 bytes)
Event: 181.192 Thread 0x0000023470965800 nmethod 4491 0x000002345b004090 code [0x000002345b004280, 0x000002345b004858]
Event: 181.192 Thread 0x0000023470965800 4492       3       javax.swing.AncestorNotifier::componentResized (1 bytes)
Event: 181.192 Thread 0x0000023470965800 nmethod 4492 0x000002345b004a10 code [0x000002345b004ba0, 0x000002345b004c98]

GC Heap History (10 events):
Event: 0.844 GC heap before
{Heap before GC invocations=0 (full 0):
 garbage-first heap   total 129024K, used 17408K [0x0000000082600000, 0x0000000100000000)
  region size 1024K, 19 young (19456K), 0 survivors (0K)
 Metaspace       used 20634K, capacity 21095K, committed 21248K, reserved 1069056K
  class space    used 2249K, capacity 2462K, committed 2560K, reserved 1048576K
}
Event: 0.849 GC heap after
{Heap after GC invocations=1 (full 0):
 garbage-first heap   total 129024K, used 3709K [0x0000000082600000, 0x0000000100000000)
  region size 1024K, 3 young (3072K), 3 survivors (3072K)
 Metaspace       used 20634K, capacity 21095K, committed 21248K, reserved 1069056K
  class space    used 2249K, capacity 2462K, committed 2560K, reserved 1048576K
}
Event: 6.849 GC heap before
{Heap before GC invocations=2 (full 0):
 garbage-first heap   total 129024K, used 87677K [0x0000000082600000, 0x0000000100000000)
  region size 1024K, 75 young (76800K), 3 survivors (3072K)
 Metaspace       used 31098K, capacity 31693K, committed 31872K, reserved 1077248K
  class space    used 3370K, capacity 3617K, committed 3712K, reserved 1048576K
}
Event: 6.857 GC heap after
{Heap after GC invocations=3 (full 0):
 garbage-first heap   total 129024K, used 20720K [0x0000000082600000, 0x0000000100000000)
  region size 1024K, 10 young (10240K), 10 survivors (10240K)
 Metaspace       used 31098K, capacity 31693K, committed 31872K, reserved 1077248K
  class space    used 3370K, capacity 3617K, committed 3712K, reserved 1048576K
}
Event: 180.005 GC heap before
{Heap before GC invocations=3 (full 0):
 garbage-first heap   total 129024K, used 93424K [0x0000000082600000, 0x0000000100000000)
  region size 1024K, 37 young (37888K), 10 survivors (10240K)
 Metaspace       used 33039K, capacity 33630K, committed 33792K, reserved 1079296K
  class space    used 3498K, capacity 3750K, committed 3840K, reserved 1048576K
}
Event: 180.014 GC heap after
{Heap after GC invocations=4 (full 0):
 garbage-first heap   total 129024K, used 67949K [0x0000000082600000, 0x0000000100000000)
  region size 1024K, 3 young (3072K), 3 survivors (3072K)
 Metaspace       used 33039K, capacity 33630K, committed 33792K, reserved 1079296K
  class space    used 3498K, capacity 3750K, committed 3840K, reserved 1048576K
}
Event: 180.081 GC heap before
{Heap before GC invocations=5 (full 0):
 garbage-first heap   total 129024K, used 97645K [0x0000000082600000, 0x0000000100000000)
  region size 1024K, 5 young (5120K), 3 survivors (3072K)
 Metaspace       used 33041K, capacity 33630K, committed 33792K, reserved 1079296K
  class space    used 3498K, capacity 3750K, committed 3840K, reserved 1048576K
}
Event: 180.084 GC heap after
{Heap after GC invocations=6 (full 0):
 garbage-first heap   total 129024K, used 95815K [0x0000000082600000, 0x0000000100000000)
  region size 1024K, 2 young (2048K), 2 survivors (2048K)
 Metaspace       used 33041K, capacity 33630K, committed 33792K, reserved 1079296K
  class space    used 3498K, capacity 3750K, committed 3840K, reserved 1048576K
}
Event: 181.162 GC heap before
{Heap before GC invocations=7 (full 0):
 garbage-first heap   total 129024K, used 94791K [0x0000000082600000, 0x0000000100000000)
  region size 1024K, 3 young (3072K), 2 survivors (2048K)
 Metaspace       used 33147K, capacity 33726K, committed 33792K, reserved 1079296K
  class space    used 3508K, capacity 3782K, committed 3840K, reserved 1048576K
}
Event: 181.164 GC heap after
{Heap after GC invocations=8 (full 0):
 garbage-first heap   total 129024K, used 34575K [0x0000000082600000, 0x0000000100000000)
  region size 1024K, 1 young (1024K), 1 survivors (1024K)
 Metaspace       used 33147K, capacity 33726K, committed 33792K, reserved 1079296K
  class space    used 3508K, capacity 3782K, committed 3840K, reserved 1048576K
}

Deoptimization events (10 events):
Event: 125.526 Thread 0x0000023471806800 Uncommon trap: reason=class_check action=maybe_recompile pc=0x0000023461c695b0 method=java.util.HashMap.putVal(ILjava/lang/Object;Ljava/lang/Object;ZZ)Ljava/lang/Object; @ 203 c2
Event: 125.527 Thread 0x0000023471806800 Uncommon trap: reason=class_check action=maybe_recompile pc=0x0000023461c695b0 method=java.util.HashMap.putVal(ILjava/lang/Object;Ljava/lang/Object;ZZ)Ljava/lang/Object; @ 203 c2
Event: 125.527 Thread 0x0000023471806800 Uncommon trap: reason=class_check action=maybe_recompile pc=0x0000023461c695b0 method=java.util.HashMap.putVal(ILjava/lang/Object;Ljava/lang/Object;ZZ)Ljava/lang/Object; @ 203 c2
Event: 144.905 Thread 0x0000023471806800 Uncommon trap: reason=unstable_if action=reinterpret pc=0x0000023461d9604c method=java.awt.EventQueue.postEvent(Ljava/awt/AWTEvent;I)V @ 6 c2
Event: 151.250 Thread 0x0000023471806800 Uncommon trap: reason=unstable_fused_if action=reinterpret pc=0x0000023461d9e8a4 method=sun.font.CMap.getControlCodeGlyph(IZ)I @ 3 c2
Event: 151.286 Thread 0x0000023471806800 Uncommon trap: reason=unstable_if action=reinterpret pc=0x0000023461c30544 method=java.util.concurrent.ConcurrentHashMap.get(Ljava/lang/Object;)Ljava/lang/Object; @ 76 c2
Event: 151.286 Thread 0x0000023471806800 Uncommon trap: reason=class_check action=maybe_recompile pc=0x0000023461cb13c8 method=java.util.concurrent.ConcurrentHashMap.putVal(Ljava/lang/Object;Ljava/lang/Object;Z)Ljava/lang/Object; @ 242 c2
Event: 180.725 Thread 0x0000023471806800 Uncommon trap: reason=class_check action=maybe_recompile pc=0x0000023461dddbe0 method=sun.java2d.SunGraphics2D.validateCompClip()V @ 69 c2
Event: 181.130 Thread 0x0000023471806800 Uncommon trap: reason=unstable_if action=reinterpret pc=0x0000023461dcd0c0 method=sun.font.FileFontStrike.getGlyphAdvance(IZ)F @ 85 c2
Event: 181.171 Thread 0x0000023471806800 Uncommon trap: reason=class_check action=maybe_recompile pc=0x0000023461dddbe0 method=sun.java2d.SunGraphics2D.validateCompClip()V @ 69 c2

Classes redefined (0 events):
No events

Internal exceptions (10 events):
Event: 0.638 Thread 0x0000023471806800 Exception <a 'java/lang/NoSuchMethodError'{0x00000000897ca248}: java.lang.invoke.DirectMethodHandle$Holder.invokeStaticInit(Ljava/lang/Object;Ljava/lang/Object;)I> (0x00000000897ca248) thrown at [./open/src/hotspot/share/interpreter/linkResolver.cpp, line
Event: 0.793 Thread 0x00000234733c2000 Exception <a 'java/io/FileNotFoundException'{0x00000000892f6650}> (0x00000000892f6650) thrown at [./open/src/hotspot/share/prims/jni.cpp, line 611]
Event: 0.796 Thread 0x0000023471806800 Exception <a 'java/lang/NoSuchMethodError'{0x00000000892ea0d8}: java.lang.invoke.DirectMethodHandle$Holder.invokeStaticInit(Ljava/lang/Object;)V> (0x00000000892ea0d8) thrown at [./open/src/hotspot/share/interpreter/linkResolver.cpp, line 772]
Event: 0.893 Thread 0x0000023471806800 Exception <a 'java/lang/NoSuchMethodError'{0x000000008a29ddc0}: java.lang.invoke.DirectMethodHandle$Holder.invokeStatic(Ljava/lang/Object;Ljava/lang/Object;Ljava/lang/Object;Ljava/lang/Object;Ljava/lang/Object;Ljava/lang/Object;Ljava/lang/Object;Ljava/lan
Event: 0.894 Thread 0x0000023471806800 Exception <a 'java/lang/NoSuchMethodError'{0x000000008a2bc048}: java.lang.invoke.DirectMethodHandle$Holder.invokeStatic(Ljava/lang/Object;Ljava/lang/Object;Ljava/lang/Object;Ljava/lang/Object;Ljava/lang/Object;Ljava/lang/Object;Ljava/lang/Object;Ljava/lan
Event: 0.895 Thread 0x0000023471806800 Exception <a 'java/lang/NoSuchMethodError'{0x000000008a2db4d8}: java.lang.invoke.DirectMethodHandle$Holder.invokeStatic(Ljava/lang/Object;Ljava/lang/Object;Ljava/lang/Object;Ljava/lang/Object;Ljava/lang/Object;Ljava/lang/Object;Ljava/lang/Object;Ljava/lan
Event: 0.896 Thread 0x0000023471806800 Exception <a 'java/lang/NoSuchMethodError'{0x000000008a2e77d8}: java.lang.invoke.Invokers$Holder.linkToTargetMethod(Ljava/lang/Object;ILjava/lang/Object;)Ljava/lang/Object;> (0x000000008a2e77d8) thrown at [./open/src/hotspot/share/interpreter/linkResolver
Event: 0.964 Thread 0x0000023471806800 Exception <a 'java/lang/NoSuchMethodError'{0x000000008a13b158}: java.lang.invoke.DirectMethodHandle$Holder.invokeStatic(Ljava/lang/Object;Ljava/lang/Object;Ljava/lang/Object;Ljava/lang/Object;Ljava/lang/Object;Ljava/lang/Object;Ljava/lang/Object;Ljava/lan
Event: 5.765 Thread 0x00000234733c2000 Exception <a 'java/io/FileNotFoundException'{0x0000000089c356a8}> (0x0000000089c356a8) thrown at [./open/src/hotspot/share/prims/jni.cpp, line 611]
Event: 124.547 Thread 0x0000023471806800 Exception <a 'java/lang/NoSuchMethodError'{0x0000000089169058}: java.lang.invoke.DirectMethodHandle$Holder.invokeVirtual(Ljava/lang/Object;Ljava/lang/Object;)V> (0x0000000089169058) thrown at [./open/src/hotspot/share/interpreter/linkResolver.cpp, line 77

Events (10 events):
Event: 181.130 Thread 0x0000023471806800 DEOPT UNPACKING pc=0x000002345a14662f sp=0x000000fb49af9178 mode 2
Event: 181.162 Executing VM operation: G1CollectForAllocation
Event: 181.164 Executing VM operation: G1CollectForAllocation done
Event: 181.171 Thread 0x0000023471806800 Uncommon trap: trap_request=0xffffffde fr.pc=0x0000023461dddbe0 relative=0x0000000000000c80
Event: 181.171 Thread 0x0000023471806800 DEOPT PACKING pc=0x0000023461dddbe0 sp=0x000000fb49af98a0
Event: 181.171 Thread 0x0000023471806800 DEOPT UNPACKING pc=0x000002345a14662f sp=0x000000fb49af9850 mode 2
Event: 181.179 Executing VM operation: CGC_Operation
Event: 181.181 Executing VM operation: CGC_Operation done
Event: 181.188 Executing VM operation: CGC_Operation
Event: 181.188 Executing VM operation: CGC_Operation done


Dynamic libraries:
0x00007ff762a70000 - 0x00007ff762a7f000 	C:\Program Files\Java\jdk-11.0.11\bin\javaw.exe
0x00007ff991f70000 - 0x00007ff992165000 	C:\Windows\SYSTEM32\ntdll.dll
0x00007ff95df50000 - 0x00007ff95df66000 	C:\Program Files\AVG\Antivirus\aswhook.dll
0x00007ff9911c0000 - 0x00007ff99127e000 	C:\Windows\System32\KERNEL32.DLL
0x00007ff98fa30000 - 0x00007ff98fcf8000 	C:\Windows\System32\KERNELBASE.dll
0x00007ff98f690000 - 0x00007ff98f790000 	C:\Windows\System32\ucrtbase.dll
0x00007ff972930000 - 0x00007ff972948000 	C:\Program Files\Java\jdk-11.0.11\bin\jli.dll
0x00007ff971e40000 - 0x00007ff971e55000 	C:\Program Files\Java\jdk-11.0.11\bin\VCRUNTIME140.dll
0x00007ff991e80000 - 0x00007ff991f2c000 	C:\Windows\System32\ADVAPI32.dll
0x00007ff98ffc0000 - 0x00007ff99005e000 	C:\Windows\System32\msvcrt.dll
0x00007ff990430000 - 0x00007ff9904cb000 	C:\Windows\System32\sechost.dll
0x00007ff990950000 - 0x00007ff990a7a000 	C:\Windows\System32\RPCRT4.dll
0x00007ff990280000 - 0x00007ff990421000 	C:\Windows\System32\USER32.dll
0x00007ff98fe10000 - 0x00007ff98fe32000 	C:\Windows\System32\win32u.dll
0x00007ff97c920000 - 0x00007ff97cbba000 	C:\Windows\WinSxS\amd64_microsoft.windows.common-controls_6595b64144ccf1df_6.0.19041.1110_none_60b5254171f9507e\COMCTL32.dll
0x00007ff991d00000 - 0x00007ff991d2b000 	C:\Windows\System32\GDI32.dll
0x00007ff98fd00000 - 0x00007ff98fe0b000 	C:\Windows\System32\gdi32full.dll
0x00007ff98fed0000 - 0x00007ff98ff6d000 	C:\Windows\System32\msvcp_win.dll
0x00007ff989700000 - 0x00007ff98970a000 	C:\Windows\SYSTEM32\VERSION.dll
0x00007ff990060000 - 0x00007ff990090000 	C:\Windows\System32\IMM32.DLL
0x00007ff971c70000 - 0x00007ff971d0b000 	C:\Program Files\Java\jdk-11.0.11\bin\msvcp140.dll
0x00007ff95ce60000 - 0x00007ff95d95e000 	C:\Program Files\Java\jdk-11.0.11\bin\server\jvm.dll
0x00007ff991510000 - 0x00007ff991518000 	C:\Windows\System32\PSAPI.DLL
0x00007ff97e670000 - 0x00007ff97e697000 	C:\Windows\SYSTEM32\WINMM.dll
0x00007ff97efc0000 - 0x00007ff97efc9000 	C:\Windows\SYSTEM32\WSOCK32.dll
0x00007ff9916d0000 - 0x00007ff99173b000 	C:\Windows\System32\WS2_32.dll
0x00007ff98d590000 - 0x00007ff98d5a2000 	C:\Windows\SYSTEM32\kernel.appcore.dll
0x00007ff989f10000 - 0x00007ff989f20000 	C:\Program Files\Java\jdk-11.0.11\bin\verify.dll
0x00007ff98a8b0000 - 0x00007ff98aa94000 	C:\Windows\SYSTEM32\DBGHELP.DLL
0x00007ff987160000 - 0x00007ff98718c000 	C:\Windows\SYSTEM32\dbgcore.DLL
0x00007ff98fe40000 - 0x00007ff98fec3000 	C:\Windows\System32\bcryptPrimitives.dll
0x00007ff971e10000 - 0x00007ff971e38000 	C:\Program Files\Java\jdk-11.0.11\bin\java.dll
0x00007ff976ed0000 - 0x00007ff976eda000 	C:\Program Files\Java\jdk-11.0.11\bin\jimage.dll
0x00007ff971df0000 - 0x00007ff971e06000 	C:\Program Files\Java\jdk-11.0.11\bin\zip.dll
0x00007ff990a80000 - 0x00007ff9911bf000 	C:\Windows\System32\SHELL32.dll
0x00007ff98d790000 - 0x00007ff98df20000 	C:\Windows\SYSTEM32\windows.storage.dll
0x00007ff991750000 - 0x00007ff991aa5000 	C:\Windows\System32\combase.dll
0x00007ff98f0e0000 - 0x00007ff98f10e000 	C:\Windows\SYSTEM32\Wldp.dll
0x00007ff991520000 - 0x00007ff9915cd000 	C:\Windows\System32\SHCORE.dll
0x00007ff9915d0000 - 0x00007ff991625000 	C:\Windows\System32\shlwapi.dll
0x00007ff98f5d0000 - 0x00007ff98f5ef000 	C:\Windows\SYSTEM32\profapi.dll
0x00007ff971dd0000 - 0x00007ff971de9000 	C:\Program Files\Java\jdk-11.0.11\bin\net.dll
0x00007ff980950000 - 0x00007ff980a5c000 	C:\Windows\SYSTEM32\WINHTTP.dll
0x00007ff98ee40000 - 0x00007ff98eeaa000 	C:\Windows\system32\mswsock.dll
0x00007ff971db0000 - 0x00007ff971dc2000 	C:\Program Files\Java\jdk-11.0.11\bin\nio.dll
0x00007ff946590000 - 0x00007ff94672a000 	C:\Program Files\Java\jdk-11.0.11\bin\awt.dll
0x00007ff9901b0000 - 0x00007ff99027d000 	C:\Windows\System32\OLEAUT32.dll
0x00007ff98ced0000 - 0x00007ff98cf60000 	C:\Windows\SYSTEM32\apphelp.dll
0x00007ff98d010000 - 0x00007ff98d0ae000 	C:\Windows\system32\uxtheme.dll
0x00007ff990090000 - 0x00007ff9901a5000 	C:\Windows\System32\MSCTF.dll
0x00007ff991d50000 - 0x00007ff991e7a000 	C:\Windows\System32\ole32.dll
0x00007ff98d2a0000 - 0x00007ff98d2cf000 	C:\Windows\system32\DWMAPI.DLL
0x00007ff97be50000 - 0x00007ff97bf75000 	C:\Windows\system32\opengl32.dll
0x00007ff97e0e0000 - 0x00007ff97e10c000 	C:\Windows\SYSTEM32\GLU32.dll
0x00007ff98eb70000 - 0x00007ff98ec3b000 	C:\Windows\SYSTEM32\DNSAPI.dll
0x00007ff98eae0000 - 0x00007ff98eb1b000 	C:\Windows\SYSTEM32\IPHLPAPI.DLL
0x00007ff991740000 - 0x00007ff991748000 	C:\Windows\System32\NSI.dll
0x00007ff980710000 - 0x00007ff98071a000 	C:\Windows\System32\rasadhlp.dll
0x00007ff9808d0000 - 0x00007ff98094f000 	C:\Windows\System32\fwpuclnt.dll
0x00007ff98f9a0000 - 0x00007ff98f9c7000 	C:\Windows\System32\bcrypt.dll
0x00007ff98f030000 - 0x00007ff98f048000 	C:\Windows\SYSTEM32\CRYPTSP.dll
0x00007ff98e750000 - 0x00007ff98e784000 	C:\Windows\system32\rsaenh.dll
0x00007ff98f590000 - 0x00007ff98f5be000 	C:\Windows\SYSTEM32\USERENV.dll
0x00007ff98f050000 - 0x00007ff98f05c000 	C:\Windows\SYSTEM32\CRYPTBASE.dll
0x00007ff987140000 - 0x00007ff987157000 	C:\Windows\SYSTEM32\dhcpcsvc6.DLL
0x00007ff987950000 - 0x00007ff98796d000 	C:\Windows\SYSTEM32\dhcpcsvc.DLL
0x00007ff976b70000 - 0x00007ff976b7d000 	C:\Program Files\Java\jdk-11.0.11\bin\sunmscapi.dll
0x00007ff98f790000 - 0x00007ff98f8e6000 	C:\Windows\System32\CRYPT32.dll
0x00007ff98f150000 - 0x00007ff98f177000 	C:\Windows\SYSTEM32\ncrypt.dll
0x00007ff98f110000 - 0x00007ff98f14b000 	C:\Windows\SYSTEM32\NTASN1.dll
0x00007ff971c20000 - 0x00007ff971c45000 	C:\Program Files\Java\jdk-11.0.11\bin\sunec.dll
0x00007ff95a950000 - 0x00007ff95a967000 	C:\Windows\system32\napinsp.dll
0x00007ff957a80000 - 0x00007ff957a9b000 	C:\Windows\system32\pnrpnsp.dll
0x00007ff972810000 - 0x00007ff972825000 	C:\Windows\system32\wshbth.dll
0x00007ff98cb20000 - 0x00007ff98cb3d000 	C:\Windows\system32\NLAapi.dll
0x00007ff957a60000 - 0x00007ff957a72000 	C:\Windows\System32\winrnr.dll
0x00007ff96ef60000 - 0x00007ff96efe5000 	C:\Program Files\Java\jdk-11.0.11\bin\freetype.dll
0x00007ff946490000 - 0x00007ff946582000 	C:\Program Files\Java\jdk-11.0.11\bin\harfbuzz.dll
0x00007ff971880000 - 0x00007ff971892000 	C:\Program Files\Java\jdk-11.0.11\bin\fontmanager.dll
0x00007ff991ab0000 - 0x00007ff991b59000 	C:\Windows\System32\clbcatq.dll
0x00007ff988190000 - 0x00007ff988344000 	C:\Windows\SYSTEM32\WindowsCodecs.dll
0x00007ff9728e0000 - 0x00007ff97291e000 	C:\Windows\system32\dataexchange.dll
0x00007ff98bfd0000 - 0x00007ff98c234000 	C:\Windows\system32\d3d11.dll
0x00007ff98c250000 - 0x00007ff98c435000 	C:\Windows\system32\dcomp.dll
0x00007ff98df80000 - 0x00007ff98e074000 	C:\Windows\system32\dxgi.dll
0x00007ff988890000 - 0x00007ff988a91000 	C:\Windows\system32\twinapi.appcore.dll
0x00007ff97c360000 - 0x00007ff97c459000 	C:\Windows\SYSTEM32\textinputframework.dll
0x00007ff98c7c0000 - 0x00007ff98cb1e000 	C:\Windows\System32\CoreUIComponents.dll
0x00007ff98cb40000 - 0x00007ff98cc32000 	C:\Windows\System32\CoreMessaging.dll
0x00007ff98b450000 - 0x00007ff98b5a4000 	C:\Windows\SYSTEM32\wintypes.dll
0x00007ff98e380000 - 0x00007ff98e3b3000 	C:\Windows\SYSTEM32\ntmarta.dll
0x00007ff977980000 - 0x00007ff9779ad000 	C:\Program Files\Java\jdk-11.0.11\bin\javajpeg.dll
0x00007ff9885f0000 - 0x00007ff98865a000 	C:\Windows\system32\Ninput.dll

dbghelp: loaded successfully - version: 4.0.5 - missing functions: none
symbol engine: initialized successfully - sym options: 0x614 - pdb path: .;C:\Program Files\Java\jdk-11.0.11\bin;C:\Windows\SYSTEM32;C:\Program Files\AVG\Antivirus;C:\Windows\WinSxS\amd64_microsoft.windows.common-controls_6595b64144ccf1df_6.0.19041.1110_none_60b5254171f9507e;C:\Program Files\Java\jdk-11.0.11\bin\server

VM Arguments:
jvm_args: -Dfile.encoding=UTF-8 
java_command: gui.GUI_DangNhap
java_class_path (initial): C:\Users\vanlo\eclipse-workspace\N14_QLLuongSanPham\bin;C:\Users\vanlo\eclipse-workspace\N14_QLLuongSanPham\lib\jcalendar-1.4.jar;C:\Users\vanlo\eclipse-workspace\N14_QLLuongSanPham\lib\rs2xml.jar;C:\Users\vanlo\eclipse-workspace\N14_QLLuongSanPham\lib\sqljdbc4.jar;C:\Users\vanlo\eclipse-workspace\N14_QLLuongSanPham\lib\mysql-connector-java-5.1.44-bin.jar;C:\Users\vanlo\eclipse-workspace\N14_QLLuongSanPham\jgoodies-common-1.8.0.jar;C:\Users\vanlo\eclipse-workspace\N14_QLLuongSanPham\jgoodies-forms-1.8.0.jar;C:\Users\vanlo\eclipse-workspace\N14_QLLuongSanPham\lib\jcommon-1.0.23.jar;C:\Users\vanlo\eclipse-workspace\N14_QLLuongSanPham\lib\jfreechart-1.0.19.jar;C:\Users\vanlo\eclipse-workspace\N14_QLLuongSanPham\lib\jdatepicker-1.3.4.jar
Launcher Type: SUN_STANDARD

[Global flags]
     intx CICompilerCount                          = 4                                         {product} {ergonomic}
     uint ConcGCThreads                            = 2                                         {product} {ergonomic}
     uint G1ConcRefinementThreads                  = 8                                         {product} {ergonomic}
   size_t G1HeapRegionSize                         = 1048576                                   {product} {ergonomic}
    uintx GCDrainStackTargetSize                   = 64                                        {product} {ergonomic}
   size_t InitialHeapSize                          = 132120576                                 {product} {ergonomic}
   size_t MarkStackSize                            = 4194304                                   {product} {ergonomic}
   size_t MaxHeapSize                              = 2107637760                                {product} {ergonomic}
   size_t MaxNewSize                               = 1264582656                                {product} {ergonomic}
   size_t MinHeapDeltaBytes                        = 1048576                                   {product} {ergonomic}
    uintx NonNMethodCodeHeapSize                   = 5836300                                {pd product} {ergonomic}
    uintx NonProfiledCodeHeapSize                  = 122910970                              {pd product} {ergonomic}
    uintx ProfiledCodeHeapSize                     = 122910970                              {pd product} {ergonomic}
    uintx ReservedCodeCacheSize                    = 251658240                              {pd product} {ergonomic}
     bool SegmentedCodeCache                       = true                                      {product} {ergonomic}
     bool UseCompressedClassPointers               = true                                 {lp64_product} {ergonomic}
     bool UseCompressedOops                        = true                                 {lp64_product} {ergonomic}
     bool UseG1GC                                  = true                                      {product} {ergonomic}
     bool UseLargePagesIndividualAllocation        = false                                  {pd product} {ergonomic}

Logging:
Log output configuration:
 #0: stdout all=warning uptime,level,tags
 #1: stderr all=off uptime,level,tags

Environment Variables:
PATH=C:\Program Files\Common Files\Oracle\Java\javapath;C:\Windows\system32;C:\Windows;C:\Windows\System32\Wbem;C:\Windows\System32\WindowsPowerShell\v1.0\;C:\Windows\System32\OpenSSH\;C:\Program Files\Microsoft SQL Server\Client SDK\ODBC\170\Tools\Binn\;C:\Program Files (x86)\Microsoft SQL Server\150\Tools\Binn\;C:\Program Files\Microsoft SQL Server\150\Tools\Binn\;C:\Program Files\Microsoft SQL Server\150\DTS\Binn\;C:\Program Files (x86)\Microsoft SQL Server\150\DTS\Binn\;C:\Program Files\Azure Data Studio\bin;C:\Users\vanlo\AppData\Local\Microsoft\WindowsApps;C:\Program Files\Azure Data Studio\bin;C:\Program Files\MongoDB\mongosh;C:\Users\vanlo\AppData\Local\Programs\mongosh\;C:\Program Files\MongoDB\Server\5.0\bin;
USERNAME=vanlo
OS=Windows_NT
PROCESSOR_IDENTIFIER=Intel64 Family 6 Model 142 Stepping 10, GenuineIntel



---------------  S Y S T E M  ---------------

OS: Windows 10 , 64 bit Build 19041 (10.0.19041.1348)

CPU:total 8 (initial active 8) (4 cores per cpu, 2 threads per core) family 6 model 142 stepping 10 microcode 0xea, cmov, cx8, fxsr, mmx, sse, sse2, sse3, ssse3, sse4.1, sse4.2, popcnt, avx, avx2, aes, clmul, erms, 3dnowpref, lzcnt, ht, tsc, tscinvbit, bmi1, bmi2, adx, fma

Memory: 4k page, system-wide physical 8038M (497M free)
TotalPageFile size 15749M (AvailPageFile size 8M)
current process WorkingSet (physical memory assigned to process): 240M, peak: 246M
current process commit charge ("private bytes"): 275M, peak: 296M

vm_info: Java HotSpot(TM) 64-Bit Server VM (11.0.11+9-LTS-194) for windows-amd64 JRE (11.0.11+9-LTS-194), built on Mar 18 2021 18:46:53 by "mach5one" with MS VC++ 15.9 (VS2017)

END.
