#
# There is insufficient memory for the Java Runtime Environment to continue.
# Native memory allocation (mmap) failed to map 132120576 bytes for Failed to commit area from 0x0000000082600000 to 0x000000008a400000 of length 132120576.
# Possible reasons:
#   The system is out of physical RAM or swap space
#   The process is running with CompressedOops enabled, and the Java Heap may be blocking the growth of the native heap
# Possible solutions:
#   Reduce memory load on the system
#   Increase physical memory or swap space
#   Check if swap backing store is full
#   Decrease Java heap size (-Xmx/-Xms)
#   Decrease number of Java threads
#   Decrease Java thread stack sizes (-Xss)
#   Set larger code cache with -XX:ReservedCodeCacheSize=
# This output file may be truncated or incomplete.
#
#  Out of Memory Error (./open/src/hotspot/os/windows/os_windows.cpp:3273), pid=6960, tid=1532
#
# JRE version:  (11.0.11+9) (build )
# Java VM: Java HotSpot(TM) 64-Bit Server VM (11.0.11+9-LTS-194, mixed mode, sharing, tiered, compressed oops, g1 gc, windows-amd64)
# No core dump will be written. Minidumps are not enabled by default on client versions of Windows
#

---------------  S U M M A R Y ------------

Command Line: -Dfile.encoding=UTF-8 gui.TabpanelQuanLyLuong

Host: Intel(R) Core(TM) i5-8259U CPU @ 2.30GHz, 8 cores, 7G,  Windows 10 , 64 bit Build 19041 (10.0.19041.1348)
Time: Thu Nov 18 16:41:00 2021 SE Asia Standard Time elapsed time: 0.012357 seconds (0d 0h 0m 0s)

---------------  T H R E A D  ---------------

Current thread (0x000001a85f14a800):  JavaThread "Unknown thread" [_thread_in_vm, id=1532, stack(0x0000007834400000,0x0000007834500000)]

Stack: [0x0000007834400000,0x0000007834500000]
Native frames: (J=compiled Java code, j=interpreted, Vv=VM code, C=native code)
V  [jvm.dll+0x616f2a]
V  [jvm.dll+0x74de7f]
V  [jvm.dll+0x74f505]
V  [jvm.dll+0x74fb83]
V  [jvm.dll+0x2436d8]
V  [jvm.dll+0x61431a]
V  [jvm.dll+0x6090f5]
V  [jvm.dll+0x2f7eec]
V  [jvm.dll+0x2f7d72]
V  [jvm.dll+0x2fca26]
V  [jvm.dll+0x33efef]
V  [jvm.dll+0x33ea20]
V  [jvm.dll+0x2d5608]
V  [jvm.dll+0x2d6766]
V  [jvm.dll+0x7299e7]
V  [jvm.dll+0x72b28f]
V  [jvm.dll+0x34bd39]
V  [jvm.dll+0x70f360]
V  [jvm.dll+0x3b50df]
V  [jvm.dll+0x3b71e1]
C  [jli.dll+0x520b]
C  [ucrtbase.dll+0x21bb2]
C  [KERNEL32.DLL+0x17034]
C  [ntdll.dll+0x52651]


---------------  P R O C E S S  ---------------

Threads class SMR info:
_java_thread_list=0x000001a85cfd24f0, length=0, elements={
}

Java Threads: ( => current thread )

Other Threads:
  0x000001a85f15f800 GCTaskThread "GC Thread#0" [stack: 0x0000007834500000,0x0000007834600000] [id=3456]
  0x000001a85f192000 ConcurrentGCThread "G1 Main Marker" [stack: 0x0000007834600000,0x0000007834700000] [id=17052]
  0x000001a85f194000 ConcurrentGCThread "G1 Conc#0" [stack: 0x0000007834700000,0x0000007834800000] [id=1156]

[error occurred during error reporting (printing all threads), id 0xc0000005, EXCEPTION_ACCESS_VIOLATION (0xc0000005) at pc=0x00007ff90f074857]

VM state:not at safepoint (not fully initialized)

VM Mutex/Monitor currently owned by a thread:  ([mutex/lock_event])
[0x000001a85f147370] Heap_lock - owner thread: 0x000001a85f14a800

Heap address: 0x0000000082600000, size: 2010 MB, Compressed Oops mode: Non-zero based: 0x0000000082600000
Narrow klass base: 0x0000000000000000, Narrow klass shift: 0

GC Heap History (0 events):
No events

Deoptimization events (0 events):
No events

Classes redefined (0 events):
No events

Internal exceptions (0 events):
No events

Events (0 events):
No events


Dynamic libraries:
0x00007ff719380000 - 0x00007ff71938f000 	C:\Program Files\Java\jdk-11.0.11\bin\javaw.exe
0x00007ff96ca50000 - 0x00007ff96cc45000 	C:\Windows\SYSTEM32\ntdll.dll
0x00007ff93bcf0000 - 0x00007ff93bd05000 	C:\Program Files\AVG\Antivirus\aswhook.dll
0x00007ff96b250000 - 0x00007ff96b30e000 	C:\Windows\System32\KERNEL32.DLL
0x00007ff96a670000 - 0x00007ff96a938000 	C:\Windows\System32\KERNELBASE.dll
0x00007ff96a370000 - 0x00007ff96a470000 	C:\Windows\System32\ucrtbase.dll
0x00007ff965b90000 - 0x00007ff965ba8000 	C:\Program Files\Java\jdk-11.0.11\bin\jli.dll
0x00007ff965b00000 - 0x00007ff965b15000 	C:\Program Files\Java\jdk-11.0.11\bin\VCRUNTIME140.dll
0x00007ff96b400000 - 0x00007ff96b4ac000 	C:\Windows\System32\ADVAPI32.dll
0x00007ff96b4b0000 - 0x00007ff96b54e000 	C:\Windows\System32\msvcrt.dll
0x00007ff96ba70000 - 0x00007ff96bb0b000 	C:\Windows\System32\sechost.dll
0x00007ff96b940000 - 0x00007ff96ba6a000 	C:\Windows\System32\RPCRT4.dll
0x00007ff96ab80000 - 0x00007ff96ad21000 	C:\Windows\System32\USER32.dll
0x00007ff96a170000 - 0x00007ff96a192000 	C:\Windows\System32\win32u.dll
0x00007ff957ec0000 - 0x00007ff95815a000 	C:\Windows\WinSxS\amd64_microsoft.windows.common-controls_6595b64144ccf1df_6.0.19041.1110_none_60b5254171f9507e\COMCTL32.dll
0x00007ff96ab50000 - 0x00007ff96ab7b000 	C:\Windows\System32\GDI32.dll
0x00007ff96a470000 - 0x00007ff96a57b000 	C:\Windows\System32\gdi32full.dll
0x00007ff96a580000 - 0x00007ff96a61d000 	C:\Windows\System32\msvcp_win.dll
0x00007ff963fd0000 - 0x00007ff963fda000 	C:\Windows\SYSTEM32\VERSION.dll
0x00007ff96b220000 - 0x00007ff96b250000 	C:\Windows\System32\IMM32.DLL
0x00007ff964a20000 - 0x00007ff964abb000 	C:\Program Files\Java\jdk-11.0.11\bin\msvcp140.dll
0x00007ff90ed90000 - 0x00007ff90f88e000 	C:\Program Files\Java\jdk-11.0.11\bin\server\jvm.dll
0x00007ff96c5a0000 - 0x00007ff96c5a8000 	C:\Windows\System32\PSAPI.DLL
0x00007ff959b10000 - 0x00007ff959b19000 	C:\Windows\SYSTEM32\WSOCK32.dll
0x00007ff959e20000 - 0x00007ff959e47000 	C:\Windows\SYSTEM32\WINMM.dll
0x00007ff96bb10000 - 0x00007ff96bb7b000 	C:\Windows\System32\WS2_32.dll
0x00007ff968070000 - 0x00007ff968082000 	C:\Windows\SYSTEM32\kernel.appcore.dll
0x00007ff965b60000 - 0x00007ff965b70000 	C:\Program Files\Java\jdk-11.0.11\bin\verify.dll
0x00007ff9676e0000 - 0x00007ff9678c4000 	C:\Windows\SYSTEM32\DBGHELP.DLL
0x00007ff961bc0000 - 0x00007ff961bec000 	C:\Windows\SYSTEM32\dbgcore.DLL
0x00007ff96a1a0000 - 0x00007ff96a223000 	C:\Windows\System32\bcryptPrimitives.dll
0x00007ff965810000 - 0x00007ff965838000 	C:\Program Files\Java\jdk-11.0.11\bin\java.dll
0x00007ff965af0000 - 0x00007ff965afa000 	C:\Program Files\Java\jdk-11.0.11\bin\jimage.dll
0x00007ff9657f0000 - 0x00007ff965806000 	C:\Program Files\Java\jdk-11.0.11\bin\zip.dll

dbghelp: loaded successfully - version: 4.0.5 - missing functions: none
symbol engine: initialized successfully - sym options: 0x614 - pdb path: .;C:\Program Files\Java\jdk-11.0.11\bin;C:\Windows\SYSTEM32;C:\Program Files\AVG\Antivirus;C:\Windows\WinSxS\amd64_microsoft.windows.common-controls_6595b64144ccf1df_6.0.19041.1110_none_60b5254171f9507e;C:\Program Files\Java\jdk-11.0.11\bin\server

VM Arguments:
jvm_args: -Dfile.encoding=UTF-8 
java_command: gui.TabpanelQuanLyLuong
java_class_path (initial): C:\Users\vanlo\eclipse-workspace\N14_QLLuongSanPham\bin;C:\Users\vanlo\eclipse-workspace\N14_QLLuongSanPham\lib\jcalendar-1.4.jar;C:\Users\vanlo\eclipse-workspace\N14_QLLuongSanPham\lib\rs2xml.jar;C:\Users\vanlo\eclipse-workspace\N14_QLLuongSanPham\lib\sqljdbc4.jar;C:\Users\vanlo\eclipse-workspace\N14_QLLuongSanPham\lib\mysql-connector-java-5.1.44-bin.jar;C:\Users\vanlo\eclipse-workspace\N14_QLLuongSanPham\jgoodies-common-1.8.0.jar;C:\Users\vanlo\eclipse-workspace\N14_QLLuongSanPham\jgoodies-forms-1.8.0.jar;C:\Users\vanlo\eclipse-workspace\N14_QLLuongSanPham\lib\jcommon-1.0.23.jar;C:\Users\vanlo\eclipse-workspace\N14_QLLuongSanPham\lib\jfreechart-1.0.19.jar;C:\Users\vanlo\eclipse-workspace\N14_QLLuongSanPham\lib\jdatepicker-1.3.4.jar
Launcher Type: SUN_STANDARD

[Global flags]
     intx CICompilerCount                          = 4                                         {product} {ergonomic}
     uint ConcGCThreads                            = 2                                         {product} {ergonomic}
     uint G1ConcRefinementThreads                  = 8                                         {product} {ergonomic}
   size_t G1HeapRegionSize                         = 1048576                                   {product} {ergonomic}
    uintx GCDrainStackTargetSize                   = 64                                        {product} {ergonomic}
   size_t InitialHeapSize                          = 132120576                                 {product} {ergonomic}
   size_t MarkStackSize                            = 4194304                                   {product} {ergonomic}
   size_t MaxHeapSize                              = 2107637760                                {product} {ergonomic}
   size_t MinHeapDeltaBytes                        = 1048576                                   {product} {ergonomic}
    uintx NonNMethodCodeHeapSize                   = 5836300                                {pd product} {ergonomic}
    uintx NonProfiledCodeHeapSize                  = 122910970                              {pd product} {ergonomic}
    uintx ProfiledCodeHeapSize                     = 122910970                              {pd product} {ergonomic}
    uintx ReservedCodeCacheSize                    = 251658240                              {pd product} {ergonomic}
     bool SegmentedCodeCache                       = true                                      {product} {ergonomic}
     bool UseCompressedClassPointers               = true                                 {lp64_product} {ergonomic}
     bool UseCompressedOops                        = true                                 {lp64_product} {ergonomic}
     bool UseG1GC                                  = true                                      {product} {ergonomic}
     bool UseLargePagesIndividualAllocation        = false                                  {pd product} {ergonomic}

Logging:
Log output configuration:
 #0: stdout all=warning uptime,level,tags
 #1: stderr all=off uptime,level,tags

Environment Variables:
PATH=C:\Program Files\Common Files\Oracle\Java\javapath;C:\Windows\system32;C:\Windows;C:\Windows\System32\Wbem;C:\Windows\System32\WindowsPowerShell\v1.0\;C:\Windows\System32\OpenSSH\;C:\Program Files\Microsoft SQL Server\Client SDK\ODBC\170\Tools\Binn\;C:\Program Files (x86)\Microsoft SQL Server\150\Tools\Binn\;C:\Program Files\Microsoft SQL Server\150\Tools\Binn\;C:\Program Files\Microsoft SQL Server\150\DTS\Binn\;C:\Program Files (x86)\Microsoft SQL Server\150\DTS\Binn\;C:\Program Files\Azure Data Studio\bin;C:\Users\vanlo\AppData\Local\Microsoft\WindowsApps;C:\Program Files\Azure Data Studio\bin;C:\Program Files\MongoDB\mongosh;C:\Users\vanlo\AppData\Local\Programs\mongosh\;C:\Program Files\MongoDB\Server\5.0\bin;
USERNAME=vanlo
OS=Windows_NT
PROCESSOR_IDENTIFIER=Intel64 Family 6 Model 142 Stepping 10, GenuineIntel



---------------  S Y S T E M  ---------------

OS: Windows 10 , 64 bit Build 19041 (10.0.19041.1348)

CPU:total 8 (initial active 8) (4 cores per cpu, 2 threads per core) family 6 model 142 stepping 10 microcode 0xea, cmov, cx8, fxsr, mmx, sse, sse2, sse3, ssse3, sse4.1, sse4.2, popcnt, avx, avx2, aes, clmul, erms, 3dnowpref, lzcnt, ht, tsc, tscinvbit, bmi1, bmi2, adx, fma

Memory: 4k page, system-wide physical 8038M (980M free)
TotalPageFile size 15749M (AvailPageFile size 32M)
current process WorkingSet (physical memory assigned to process): 9M, peak: 9M
current process commit charge ("private bytes"): 60M, peak: 186M

vm_info: Java HotSpot(TM) 64-Bit Server VM (11.0.11+9-LTS-194) for windows-amd64 JRE (11.0.11+9-LTS-194), built on Mar 18 2021 18:46:53 by "mach5one" with MS VC++ 15.9 (VS2017)

END.
